#
# There is insufficient memory for the Java Runtime Environment to continue.
# Native memory allocation (malloc) failed to allocate 67952 bytes. Error detail: Chunk::new
# Possible reasons:
#   The system is out of physical RAM or swap space
#   This process is running with CompressedOops enabled, and the Java Heap may be blocking the growth of the native heap
# Possible solutions:
#   Reduce memory load on the system
#   Increase physical memory or swap space
#   Check if swap backing store is full
#   Decrease Java heap size (-Xmx/-Xms)
#   Decrease number of Java threads
#   Decrease Java thread stack sizes (-Xss)
#   Set larger code cache with -XX:ReservedCodeCacheSize=
#   JVM is running with Unscaled Compressed Oops mode in which the Java heap is
#     placed in the first 4GB address space. The Java Heap base address is the
#     maximum limit for the native heap growth. Please use -XX:HeapBaseMinAddress
#     to set the Java Heap base and to place the Java Heap above 4GB virtual address.
# This output file may be truncated or incomplete.
#
#  Out of Memory Error (arena.cpp:149), pid=20368, tid=22504
#
# JRE version: Java(TM) SE Runtime Environment (23.0.1+11) (build 23.0.1+11-39)
# Java VM: Java HotSpot(TM) 64-Bit Server VM (23.0.1+11-39, mixed mode, sharing, tiered, compressed oops, compressed class ptrs, g1 gc, windows-amd64)
# No core dump will be written. Minidumps are not enabled by default on client versions of Windows
#

---------------  S U M M A R Y ------------

Command Line: -javaagent:D:\Program Files\IntelliJ IDEA Community Edition 2024.3.5\lib\idea_rt.jar=51889 -Dfile.encoding=UTF-8 -Dsun.stdout.encoding=UTF-8 -Dsun.stderr.encoding=UTF-8 net.engineeringdigest.journalApp.JournalApplication

Host: AMD Ryzen 3 7320U with Radeon Graphics         , 8 cores, 7G,  Windows 11 , 64 bit Build 22621 (10.0.22621.3958)
Time: Fri Apr 11 12:42:24 2025 India Standard Time elapsed time: 46.092860 seconds (0d 0h 0m 46s)

---------------  T H R E A D  ---------------

Current thread (0x0000017533822df0):  JavaThread "C2 CompilerThread0" daemon [_thread_in_native, id=22504, stack(0x000000373cd00000,0x000000373ce00000) (1024K)]


Current CompileTask:
C2:46092 5587       4       java.util.LinkedHashMap::get (29 bytes)

Stack: [0x000000373cd00000,0x000000373ce00000]
Native frames: (J=compiled Java code, j=interpreted, Vv=VM code, C=native code)
V  [jvm.dll+0x6e08b9]  (no source info available)
V  [jvm.dll+0x87dc83]  (no source info available)
V  [jvm.dll+0x88010e]  (no source info available)
V  [jvm.dll+0x8807e3]  (no source info available)
V  [jvm.dll+0x27aee6]  (no source info available)
V  [jvm.dll+0xbc06f]  (no source info available)
V  [jvm.dll+0xbc2cb]  (no source info available)
V  [jvm.dll+0x3b3a9c]  (no source info available)
V  [jvm.dll+0x38a42b]  (no source info available)
V  [jvm.dll+0x38989a]  (no source info available)
V  [jvm.dll+0x244aa1]  (no source info available)
V  [jvm.dll+0x243dff]  (no source info available)
V  [jvm.dll+0x1c33a0]  (no source info available)
V  [jvm.dll+0x253cf1]  (no source info available)
V  [jvm.dll+0x251faa]  (no source info available)
V  [jvm.dll+0x3ee036]  (no source info available)
V  [jvm.dll+0x824f8b]  (no source info available)
V  [jvm.dll+0x6df065]  (no source info available)
C  [ucrtbase.dll+0x29333]  (no source info available)
C  [KERNEL32.DLL+0x1257d]  (no source info available)
C  [ntdll.dll+0x5af28]  (no source info available)

Lock stack of current Java thread (top to bottom):


---------------  P R O C E S S  ---------------

Threads class SMR info:
_java_thread_list=0x000001757a2704e0, length=39, elements={
0x000001753380d7a0, 0x000001753380e760, 0x0000017533810f10, 0x0000017533811b70,
0x0000017533816600, 0x00000175338211f0, 0x0000017533822df0, 0x000001753382cb20,
0x0000017533922ee0, 0x0000017533acc2c0, 0x0000017533bc0e40, 0x0000017579a01770,
0x0000017579a02490, 0x00000175799ffd30, 0x0000017579a010e0, 0x000001757a982670,
0x000001757a9812c0, 0x000001757a982d00, 0x000001757a981fe0, 0x000001757a985460,
0x000001757a987bc0, 0x000001757a984740, 0x000001757a981950, 0x000001757a986ea0,
0x000001757a988250, 0x000001757a985af0, 0x000001757a983390, 0x000001757a984dd0,
0x000001757a987530, 0x00000175797263f0, 0x0000017579729f00, 0x000001757972c660,
0x0000017579728b50, 0x00000175797277a0, 0x000001757972ccf0, 0x000001757972b940,
0x00000175797291e0, 0x000001757972a590, 0x000001757972da10
}

Java Threads: ( => current thread )
  0x000001753380d7a0 JavaThread "Reference Handler"          daemon [_thread_blocked, id=20428, stack(0x000000373c700000,0x000000373c800000) (1024K)]
  0x000001753380e760 JavaThread "Finalizer"                  daemon [_thread_blocked, id=12436, stack(0x000000373c800000,0x000000373c900000) (1024K)]
  0x0000017533810f10 JavaThread "Signal Dispatcher"          daemon [_thread_blocked, id=3096, stack(0x000000373c900000,0x000000373ca00000) (1024K)]
  0x0000017533811b70 JavaThread "Attach Listener"            daemon [_thread_blocked, id=25364, stack(0x000000373ca00000,0x000000373cb00000) (1024K)]
  0x0000017533816600 JavaThread "Service Thread"             daemon [_thread_blocked, id=17516, stack(0x000000373cb00000,0x000000373cc00000) (1024K)]
  0x00000175338211f0 JavaThread "Monitor Deflation Thread"   daemon [_thread_blocked, id=22516, stack(0x000000373cc00000,0x000000373cd00000) (1024K)]
=>0x0000017533822df0 JavaThread "C2 CompilerThread0"         daemon [_thread_in_native, id=22504, stack(0x000000373cd00000,0x000000373ce00000) (1024K)]
  0x000001753382cb20 JavaThread "C1 CompilerThread0"         daemon [_thread_blocked, id=23832, stack(0x000000373ce00000,0x000000373cf00000) (1024K)]
  0x0000017533922ee0 JavaThread "Common-Cleaner"             daemon [_thread_blocked, id=5300, stack(0x000000373cf00000,0x000000373d000000) (1024K)]
  0x0000017533acc2c0 JavaThread "Monitor Ctrl-Break"         daemon [_thread_in_native, id=25360, stack(0x000000373d100000,0x000000373d200000) (1024K)]
  0x0000017533bc0e40 JavaThread "Notification Thread"        daemon [_thread_blocked, id=25684, stack(0x000000373d200000,0x000000373d300000) (1024K)]
  0x0000017579a01770 JavaThread "Catalina-utility-1"                [_thread_blocked, id=21084, stack(0x000000373db00000,0x000000373dc00000) (1024K)]
  0x0000017579a02490 JavaThread "Catalina-utility-2"                [_thread_blocked, id=12780, stack(0x000000373dc00000,0x000000373dd00000) (1024K)]
  0x00000175799ffd30 JavaThread "container-0"                       [_thread_blocked, id=6756, stack(0x000000373dd00000,0x000000373de00000) (1024K)]
  0x0000017579a010e0 JavaThread "Jndi-Dns-address-change-listener" daemon [_thread_in_native, id=17556, stack(0x000000373de00000,0x000000373df00000) (1024K)]
  0x000001757a982670 JavaThread "BufferPoolPruner-1-thread-1" daemon [_thread_blocked, id=16304, stack(0x000000373df00000,0x000000373e000000) (1024K)]
  0x000001757a9812c0 JavaThread "cluster-ClusterId{value='67f8c0ae89dcbb35986c81df', description='null'}-srv-cluster0.pgsv6jp.mongodb.net" daemon [_thread_blocked, id=10520, stack(0x000000373e000000,0x000000373e100000) (1024K)]
  0x000001757a982d00 JavaThread "cluster-ClusterId{value='67f8c0ae89dcbb35986c81df', description='null'}-ac-s2uibgb-shard-00-01.pgsv6jp.mongodb.net:27017" daemon [_thread_in_native, id=9228, stack(0x000000373e100000,0x000000373e200000) (1024K)]
  0x000001757a981fe0 JavaThread "cluster-rtt-ClusterId{value='67f8c0ae89dcbb35986c81df', description='null'}-ac-s2uibgb-shard-00-01.pgsv6jp.mongodb.net:27017" daemon [_thread_blocked, id=3412, stack(0x000000373e200000,0x000000373e300000) (1024K)]
  0x000001757a985460 JavaThread "cluster-ClusterId{value='67f8c0ae89dcbb35986c81df', description='null'}-ac-s2uibgb-shard-00-00.pgsv6jp.mongodb.net:27017" daemon [_thread_in_native, id=25572, stack(0x000000373e300000,0x000000373e400000) (1024K)]
  0x000001757a987bc0 JavaThread "cluster-rtt-ClusterId{value='67f8c0ae89dcbb35986c81df', description='null'}-ac-s2uibgb-shard-00-00.pgsv6jp.mongodb.net:27017" daemon [_thread_blocked, id=18316, stack(0x000000373e400000,0x000000373e500000) (1024K)]
  0x000001757a984740 JavaThread "cluster-ClusterId{value='67f8c0ae89dcbb35986c81df', description='null'}-ac-s2uibgb-shard-00-02.pgsv6jp.mongodb.net:27017" daemon [_thread_in_native, id=13936, stack(0x000000373e500000,0x000000373e600000) (1024K)]
  0x000001757a981950 JavaThread "cluster-rtt-ClusterId{value='67f8c0ae89dcbb35986c81df', description='null'}-ac-s2uibgb-shard-00-02.pgsv6jp.mongodb.net:27017" daemon [_thread_blocked, id=10936, stack(0x000000373e600000,0x000000373e700000) (1024K)]
  0x000001757a986ea0 JavaThread "MaintenanceTimer-3-thread-1" daemon [_thread_blocked, id=17520, stack(0x000000373e700000,0x000000373e800000) (1024K)]
  0x000001757a988250 JavaThread "MaintenanceTimer-2-thread-1" daemon [_thread_blocked, id=5380, stack(0x000000373e800000,0x000000373e900000) (1024K)]
  0x000001757a985af0 JavaThread "MaintenanceTimer-4-thread-1" daemon [_thread_blocked, id=8688, stack(0x000000373e900000,0x000000373ea00000) (1024K)]
  0x000001757a983390 JavaThread "http-nio-8080-exec-1"       daemon [_thread_blocked, id=12984, stack(0x000000373ea00000,0x000000373eb00000) (1024K)]
  0x000001757a984dd0 JavaThread "http-nio-8080-exec-2"       daemon [_thread_blocked, id=23148, stack(0x000000373eb00000,0x000000373ec00000) (1024K)]
  0x000001757a987530 JavaThread "http-nio-8080-exec-3"       daemon [_thread_blocked, id=20120, stack(0x000000373ec00000,0x000000373ed00000) (1024K)]
  0x00000175797263f0 JavaThread "http-nio-8080-exec-4"       daemon [_thread_blocked, id=17240, stack(0x000000373ed00000,0x000000373ee00000) (1024K)]
  0x0000017579729f00 JavaThread "http-nio-8080-exec-5"       daemon [_thread_blocked, id=12052, stack(0x000000373ee00000,0x000000373ef00000) (1024K)]
  0x000001757972c660 JavaThread "http-nio-8080-exec-6"       daemon [_thread_blocked, id=8168, stack(0x000000373ef00000,0x000000373f000000) (1024K)]
  0x0000017579728b50 JavaThread "http-nio-8080-exec-7"       daemon [_thread_blocked, id=25408, stack(0x000000373f000000,0x000000373f100000) (1024K)]
  0x00000175797277a0 JavaThread "http-nio-8080-exec-8"       daemon [_thread_blocked, id=24612, stack(0x000000373f100000,0x000000373f200000) (1024K)]
  0x000001757972ccf0 JavaThread "http-nio-8080-exec-9"       daemon [_thread_blocked, id=26128, stack(0x000000373f200000,0x000000373f300000) (1024K)]
  0x000001757972b940 JavaThread "http-nio-8080-exec-10"      daemon [_thread_blocked, id=22356, stack(0x000000373f300000,0x000000373f400000) (1024K)]
  0x00000175797291e0 JavaThread "http-nio-8080-Poller"       daemon [_thread_in_native, id=12504, stack(0x000000373f400000,0x000000373f500000) (1024K)]
  0x000001757972a590 JavaThread "http-nio-8080-Acceptor"     daemon [_thread_in_native, id=13860, stack(0x000000373f500000,0x000000373f600000) (1024K)]
  0x000001757972da10 JavaThread "DestroyJavaVM"                     [_thread_blocked, id=11832, stack(0x000000373bf00000,0x000000373c000000) (1024K)]
Total: 39

Other Threads:
  0x00000175337f4ef0 VMThread "VM Thread"                           [id=25988, stack(0x000000373c600000,0x000000373c700000) (1024K)]
  0x00000175337e47b0 WatcherThread "VM Periodic Task Thread"        [id=24520, stack(0x000000373c500000,0x000000373c600000) (1024K)]
  0x0000017516df3e60 WorkerThread "GC Thread#0"                     [id=17036, stack(0x000000373c000000,0x000000373c100000) (1024K)]
  0x00000175799d82b0 WorkerThread "GC Thread#1"                     [id=22560, stack(0x000000373d300000,0x000000373d400000) (1024K)]
  0x00000175799e8810 WorkerThread "GC Thread#2"                     [id=9308, stack(0x000000373d400000,0x000000373d500000) (1024K)]
  0x00000175799ec4e0 WorkerThread "GC Thread#3"                     [id=5796, stack(0x000000373d500000,0x000000373d600000) (1024K)]
  0x00000175799ec890 WorkerThread "GC Thread#4"                     [id=7480, stack(0x000000373d600000,0x000000373d700000) (1024K)]
  0x00000175799ecc40 WorkerThread "GC Thread#5"                     [id=21280, stack(0x000000373d700000,0x000000373d800000) (1024K)]
  0x00000175799ed600 WorkerThread "GC Thread#6"                     [id=16512, stack(0x000000373d800000,0x000000373d900000) (1024K)]
  0x00000175799ed9b0 WorkerThread "GC Thread#7"                     [id=23728, stack(0x000000373d900000,0x000000373da00000) (1024K)]
  0x0000017516e08070 ConcurrentGCThread "G1 Main Marker"            [id=13644, stack(0x000000373c100000,0x000000373c200000) (1024K)]
  0x0000017516e08d30 WorkerThread "G1 Conc#0"                       [id=2888, stack(0x000000373c200000,0x000000373c300000) (1024K)]
  0x000001757a050e50 WorkerThread "G1 Conc#1"                       [id=15184, stack(0x000000373da00000,0x000000373db00000) (1024K)]
  0x00000175336b9140 ConcurrentGCThread "G1 Refine#0"               [id=11336, stack(0x000000373c300000,0x000000373c400000) (1024K)]
  0x00000175336b9ad0 ConcurrentGCThread "G1 Service"                [id=21788, stack(0x000000373c400000,0x000000373c500000) (1024K)]
Total: 15

Threads with active compile tasks:
C2 CompilerThread0  46113 5587       4       java.util.LinkedHashMap::get (29 bytes)
Total: 1

VM state: not at safepoint (normal execution)

VM Mutex/Monitor currently owned by a thread: None

Heap address: 0x000000008c200000, size: 1854 MB, Compressed Oops mode: 32-bit

CDS archive(s) mapped at: [0x0000017534000000-0x0000017534d70000-0x0000017534d70000), size 14090240, SharedBaseAddress: 0x0000017534000000, ArchiveRelocationMode: 1.
Compressed class space mapped at: 0x0000017535000000-0x0000017575000000, reserved size: 1073741824
Narrow klass base: 0x0000017534000000, Narrow klass shift: 0, Narrow klass range: 0x41000000

GC Precious Log:
 CardTable entry size: 512
 Card Set container configuration: InlinePtr #cards 5 size 8 Array Of Cards #cards 10 size 36 Howl #buckets 4 coarsen threshold 1843 Howl Bitmap #cards 512 size 80 coarsen threshold 460 Card regions per heap region 1 cards per card region 2048
 CPUs: 8 total, 8 available
 Memory: 7413M
 Large Page Support: Disabled
 NUMA Support: Disabled
 Compressed Oops: Enabled (32-bit)
 Heap Region Size: 1M
 Heap Min Capacity: 8M
 Heap Initial Capacity: 116M
 Heap Max Capacity: 1854M
 Pre-touch: Disabled
 Parallel Workers: 8
 Concurrent Workers: 2
 Concurrent Refinement Workers: 8
 Periodic GC: Disabled

Heap:
 garbage-first heap   total reserved 1898496K, committed 40960K, used 27996K [0x000000008c200000, 0x0000000100000000)
  region size 1024K, 8 young (8192K), 2 survivors (2048K)
 Metaspace       used 44906K, committed 45376K, reserved 1114112K
  class space    used 5877K, committed 6080K, reserved 1048576K

Heap Regions: E=young(eden), S=young(survivor), O=old, HS=humongous(starts), HC=humongous(continues), CS=collection set, F=free, TAMS=top-at-mark-start, PB=parsable bottom
|   0|0x000000008c200000, 0x000000008c300000, 0x000000008c300000|100%| O|  |TAMS 0x000000008c200000| PB 0x000000008c200000| Untracked |  0
|   1|0x000000008c300000, 0x000000008c400000, 0x000000008c400000|100%| O|  |TAMS 0x000000008c300000| PB 0x000000008c300000| Untracked |  0
|   2|0x000000008c400000, 0x000000008c500000, 0x000000008c500000|100%| O|  |TAMS 0x000000008c400000| PB 0x000000008c400000| Untracked |  0
|   3|0x000000008c500000, 0x000000008c600000, 0x000000008c600000|100%| O|  |TAMS 0x000000008c500000| PB 0x000000008c500000| Untracked |  0
|   4|0x000000008c600000, 0x000000008c700000, 0x000000008c700000|100%| O|  |TAMS 0x000000008c600000| PB 0x000000008c600000| Untracked |  0
|   5|0x000000008c700000, 0x000000008c800000, 0x000000008c800000|100%| O|  |TAMS 0x000000008c700000| PB 0x000000008c700000| Untracked |  0
|   6|0x000000008c800000, 0x000000008c900000, 0x000000008c900000|100%| O|  |TAMS 0x000000008c800000| PB 0x000000008c800000| Untracked |  0
|   7|0x000000008c900000, 0x000000008ca00000, 0x000000008ca00000|100%| O|  |TAMS 0x000000008c900000| PB 0x000000008c900000| Untracked |  0
|   8|0x000000008ca00000, 0x000000008cb00000, 0x000000008cb00000|100%| O|  |TAMS 0x000000008ca00000| PB 0x000000008ca00000| Untracked |  0
|   9|0x000000008cb00000, 0x000000008cc00000, 0x000000008cc00000|100%| O|  |TAMS 0x000000008cb00000| PB 0x000000008cb00000| Untracked |  0
|  10|0x000000008cc00000, 0x000000008cd00000, 0x000000008cd00000|100%| O|  |TAMS 0x000000008cc00000| PB 0x000000008cc00000| Untracked |  0
|  11|0x000000008cd00000, 0x000000008ce00000, 0x000000008ce00000|100%| O|  |TAMS 0x000000008cd00000| PB 0x000000008cd00000| Untracked |  0
|  12|0x000000008ce00000, 0x000000008cf00000, 0x000000008cf00000|100%| O|  |TAMS 0x000000008ce00000| PB 0x000000008ce00000| Untracked |  0
|  13|0x000000008cf00000, 0x000000008d000000, 0x000000008d000000|100%| O|Cm|TAMS 0x000000008cf00000| PB 0x000000008cf00000| Complete |  0
|  14|0x000000008d000000, 0x000000008d100000, 0x000000008d100000|100%| O|  |TAMS 0x000000008d000000| PB 0x000000008d000000| Untracked |  0
|  15|0x000000008d100000, 0x000000008d200000, 0x000000008d200000|100%| O|  |TAMS 0x000000008d100000| PB 0x000000008d100000| Untracked |  0
|  16|0x000000008d200000, 0x000000008d300000, 0x000000008d300000|100%| O|  |TAMS 0x000000008d200000| PB 0x000000008d200000| Untracked |  0
|  17|0x000000008d300000, 0x000000008d400000, 0x000000008d400000|100%| O|  |TAMS 0x000000008d300000| PB 0x000000008d300000| Untracked |  0
|  18|0x000000008d400000, 0x000000008d500000, 0x000000008d500000|100%| O|  |TAMS 0x000000008d400000| PB 0x000000008d400000| Untracked |  0
|  19|0x000000008d500000, 0x000000008d600000, 0x000000008d600000|100%| O|  |TAMS 0x000000008d500000| PB 0x000000008d500000| Untracked |  0
|  20|0x000000008d600000, 0x000000008d6b9958, 0x000000008d700000| 72%| O|  |TAMS 0x000000008d600000| PB 0x000000008d600000| Untracked |  0
|  21|0x000000008d700000, 0x000000008d700000, 0x000000008d800000|  0%| F|  |TAMS 0x000000008d700000| PB 0x000000008d700000| Untracked |  0
|  22|0x000000008d800000, 0x000000008d89d700, 0x000000008d900000| 61%| S|CS|TAMS 0x000000008d800000| PB 0x000000008d800000| Complete |  0
|  23|0x000000008d900000, 0x000000008da00000, 0x000000008da00000|100%| S|CS|TAMS 0x000000008d900000| PB 0x000000008d900000| Complete |  0
|  24|0x000000008da00000, 0x000000008da00000, 0x000000008db00000|  0%| F|  |TAMS 0x000000008da00000| PB 0x000000008da00000| Untracked |  0
|  25|0x000000008db00000, 0x000000008db00000, 0x000000008dc00000|  0%| F|  |TAMS 0x000000008db00000| PB 0x000000008db00000| Untracked |  0
|  26|0x000000008dc00000, 0x000000008dc00000, 0x000000008dd00000|  0%| F|  |TAMS 0x000000008dc00000| PB 0x000000008dc00000| Untracked |  0
|  27|0x000000008dd00000, 0x000000008dd00000, 0x000000008de00000|  0%| F|  |TAMS 0x000000008dd00000| PB 0x000000008dd00000| Untracked |  0
|  28|0x000000008de00000, 0x000000008de00000, 0x000000008df00000|  0%| F|  |TAMS 0x000000008de00000| PB 0x000000008de00000| Untracked |  0
|  29|0x000000008df00000, 0x000000008df00000, 0x000000008e000000|  0%| F|  |TAMS 0x000000008df00000| PB 0x000000008df00000| Untracked |  0
|  30|0x000000008e000000, 0x000000008e000000, 0x000000008e100000|  0%| F|  |TAMS 0x000000008e000000| PB 0x000000008e000000| Untracked |  0
|  31|0x000000008e100000, 0x000000008e100000, 0x000000008e200000|  0%| F|  |TAMS 0x000000008e100000| PB 0x000000008e100000| Untracked |  0
|  32|0x000000008e200000, 0x000000008e200000, 0x000000008e300000|  0%| F|  |TAMS 0x000000008e200000| PB 0x000000008e200000| Untracked |  0
|  33|0x000000008e300000, 0x000000008e300000, 0x000000008e400000|  0%| F|  |TAMS 0x000000008e300000| PB 0x000000008e300000| Untracked |  0
|  69|0x0000000090700000, 0x0000000090727a20, 0x0000000090800000| 15%| E|  |TAMS 0x0000000090700000| PB 0x0000000090700000| Complete |  0
|  70|0x0000000090800000, 0x0000000090900000, 0x0000000090900000|100%| E|CS|TAMS 0x0000000090800000| PB 0x0000000090800000| Complete |  0
|  71|0x0000000090900000, 0x0000000090a00000, 0x0000000090a00000|100%| E|CS|TAMS 0x0000000090900000| PB 0x0000000090900000| Complete |  0
|  72|0x0000000090a00000, 0x0000000090b00000, 0x0000000090b00000|100%| E|CS|TAMS 0x0000000090a00000| PB 0x0000000090a00000| Complete |  0
|  73|0x0000000090b00000, 0x0000000090c00000, 0x0000000090c00000|100%| E|CS|TAMS 0x0000000090b00000| PB 0x0000000090b00000| Complete |  0
| 115|0x0000000093500000, 0x0000000093600000, 0x0000000093600000|100%| E|CS|TAMS 0x0000000093500000| PB 0x0000000093500000| Complete |  0

Card table byte_map: [0x000001752ecb0000,0x000001752f050000] _byte_map_base: 0x000001752e84f000

Marking Bits: (CMBitMap*) 0x0000017516df4570
 Bits: [0x000001752f050000, 0x0000017530d48000)

Polling page: 0x0000017514c20000

Metaspace:

Usage:
  Non-class:     38.11 MB used.
      Class:      5.74 MB used.
       Both:     43.85 MB used.

Virtual space:
  Non-class space:       64.00 MB reserved,      38.38 MB ( 60%) committed,  1 nodes.
      Class space:        1.00 GB reserved,       5.94 MB ( <1%) committed,  1 nodes.
             Both:        1.06 GB reserved,      44.31 MB (  4%) committed. 

Chunk freelists:
   Non-Class:  9.66 MB
       Class:  9.91 MB
        Both:  19.57 MB

MaxMetaspaceSize: unlimited
CompressedClassSpaceSize: 1.00 GB
Initial GC threshold: 21.00 MB
Current GC threshold: 73.12 MB
CDS: on
 - commit_granule_bytes: 65536.
 - commit_granule_words: 8192.
 - virtual_space_node_default_size: 8388608.
 - enlarge_chunks_in_place: 1.
 - use_allocation_guard: 0.


Internal statistics:

num_allocs_failed_limit: 6.
num_arena_births: 528.
num_arena_deaths: 20.
num_vsnodes_births: 2.
num_vsnodes_deaths: 0.
num_space_committed: 709.
num_space_uncommitted: 0.
num_chunks_returned_to_freelist: 35.
num_chunks_taken_from_freelist: 1848.
num_chunk_merges: 12.
num_chunk_splits: 1276.
num_chunks_enlarged: 1035.
num_inconsistent_stats: 0.

CodeHeap 'non-profiled nmethods': size=120064Kb used=1842Kb max_used=1857Kb free=118221Kb
 bounds [0x0000017526f90000, 0x0000017527200000, 0x000001752e4d0000]
CodeHeap 'profiled nmethods': size=120000Kb used=7512Kb max_used=7681Kb free=112487Kb
 bounds [0x000001751f4d0000, 0x000001751fc60000, 0x0000017526a00000]
CodeHeap 'non-nmethods': size=5696Kb used=1570Kb max_used=1622Kb free=4125Kb
 bounds [0x0000017526a00000, 0x0000017526c70000, 0x0000017526f90000]
CodeCache: size=245760Kb, used=10924Kb, max_used=11160Kb, free=234833Kb
 total_blobs=5530, nmethods=4890, adapters=545, full_count=0
Compilation: enabled, stopped_count=0, restarted_count=0

Compilation events (20 events):
Event: 46.051 Thread 0x000001753382cb20 5580       3       com.mongodb.internal.connection.ConcurrentLinkedDeque$Node::getNext (8 bytes)
Event: 46.051 Thread 0x000001753382cb20 nmethod 5580 0x000001751f94c808 code [0x000001751f94c920, 0x000001751f94cb18]
Event: 46.051 Thread 0x000001753382cb20 5582       3       java.lang.ThreadLocal::getCarrierThreadLocal (29 bytes)
Event: 46.051 Thread 0x000001753382cb20 nmethod 5582 0x000001751fa5e088 code [0x000001751fa5e1a0, 0x000001751fa5e308]
Event: 46.051 Thread 0x000001753382cb20 5581       3       java.util.concurrent.atomic.AtomicInteger::<init> (10 bytes)
Event: 46.051 Thread 0x000001753382cb20 nmethod 5581 0x000001751f872c08 code [0x000001751f872d20, 0x000001751f872ef0]
Event: 46.051 Thread 0x000001753382cb20 5579       3       java.nio.HeapByteBuffer::put (64 bytes)
Event: 46.052 Thread 0x000001753382cb20 nmethod 5579 0x000001751fa4f188 code [0x000001751fa4f380, 0x000001751fa500d8]
Event: 46.052 Thread 0x0000017533822df0 nmethod 5578 0x000001752707fc88 code [0x000001752707fde0, 0x00000175270800d0]
Event: 46.088 Thread 0x000001753382cb20 5583       3       java.nio.ByteBuffer::clear (7 bytes)
Event: 46.088 Thread 0x0000017533822df0 5584       4       org.bson.ByteBufNIO::position (11 bytes)
Event: 46.088 Thread 0x000001753382cb20 nmethod 5583 0x000001751fa5fb08 code [0x000001751fa5fc20, 0x000001751fa5fda0]
Event: 46.088 Thread 0x000001753382cb20 5585       3       org.bson.BsonBinaryReader::doReadEndDocument (54 bytes)
Event: 46.088 Thread 0x000001753382cb20 nmethod 5585 0x000001751fa67708 code [0x000001751fa67900, 0x000001751fa68780]
Event: 46.089 Thread 0x000001753382cb20 5588       1       com.mongodb.internal.connection.ReplyHeader::getNumberReturned (5 bytes)
Event: 46.089 Thread 0x000001753382cb20 nmethod 5588 0x000001752707f988 code [0x000001752707faa0, 0x000001752707fb68]
Event: 46.089 Thread 0x000001753382cb20 5586       3       org.bson.BsonDocument::throwIfKeyAbsent (37 bytes)
Event: 46.089 Thread 0x0000017533822df0 nmethod 5584 0x000001752707f408 code [0x000001752707f520, 0x000001752707f650]
Event: 46.089 Thread 0x0000017533822df0 5587       4       java.util.LinkedHashMap::get (29 bytes)
Event: 46.089 Thread 0x000001753382cb20 nmethod 5586 0x000001751f505a08 code [0x000001751f505c00, 0x000001751f5064e8]

GC Heap History (20 events):
Event: 1.436 GC heap before
{Heap before GC invocations=0 (full 0):
 garbage-first heap   total reserved 1898496K, committed 118784K, used 23552K [0x000000008c200000, 0x0000000100000000)
  region size 1024K, 24 young (24576K), 0 survivors (0K)
 Metaspace       used 7404K, committed 7680K, reserved 1114112K
  class space    used 893K, committed 1024K, reserved 1048576K
}
Event: 1.445 GC heap after
{Heap after GC invocations=1 (full 0):
 garbage-first heap   total reserved 1898496K, committed 118784K, used 5824K [0x000000008c200000, 0x0000000100000000)
  region size 1024K, 3 young (3072K), 3 survivors (3072K)
 Metaspace       used 7404K, committed 7680K, reserved 1114112K
  class space    used 893K, committed 1024K, reserved 1048576K
}
Event: 1.916 GC heap before
{Heap before GC invocations=1 (full 0):
 garbage-first heap   total reserved 1898496K, committed 118784K, used 26304K [0x000000008c200000, 0x0000000100000000)
  region size 1024K, 24 young (24576K), 3 survivors (3072K)
 Metaspace       used 14619K, committed 14784K, reserved 1114112K
  class space    used 1776K, committed 1856K, reserved 1048576K
}
Event: 1.921 GC heap after
{Heap after GC invocations=2 (full 0):
 garbage-first heap   total reserved 1898496K, committed 118784K, used 7808K [0x000000008c200000, 0x0000000100000000)
  region size 1024K, 2 young (2048K), 2 survivors (2048K)
 Metaspace       used 14619K, committed 14784K, reserved 1114112K
  class space    used 1776K, committed 1856K, reserved 1048576K
}
Event: 3.171 GC heap before
{Heap before GC invocations=2 (full 0):
 garbage-first heap   total reserved 1898496K, committed 118784K, used 47744K [0x000000008c200000, 0x0000000100000000)
  region size 1024K, 42 young (43008K), 2 survivors (2048K)
 Metaspace       used 21260K, committed 21504K, reserved 1114112K
  class space    used 2633K, committed 2752K, reserved 1048576K
}
Event: 3.180 GC heap after
{Heap after GC invocations=3 (full 0):
 garbage-first heap   total reserved 1898496K, committed 118784K, used 10596K [0x000000008c200000, 0x0000000100000000)
  region size 1024K, 5 young (5120K), 5 survivors (5120K)
 Metaspace       used 21260K, committed 21504K, reserved 1114112K
  class space    used 2633K, committed 2752K, reserved 1048576K
}
Event: 3.855 GC heap before
{Heap before GC invocations=4 (full 0):
 garbage-first heap   total reserved 1898496K, committed 40960K, used 30052K [0x000000008c200000, 0x0000000100000000)
  region size 1024K, 24 young (24576K), 5 survivors (5120K)
 Metaspace       used 26137K, committed 26496K, reserved 1114112K
  class space    used 3305K, committed 3456K, reserved 1048576K
}
Event: 3.865 GC heap after
{Heap after GC invocations=5 (full 0):
 garbage-first heap   total reserved 1898496K, committed 40960K, used 12683K [0x000000008c200000, 0x0000000100000000)
  region size 1024K, 3 young (3072K), 3 survivors (3072K)
 Metaspace       used 26137K, committed 26496K, reserved 1114112K
  class space    used 3305K, committed 3456K, reserved 1048576K
}
Event: 4.542 GC heap before
{Heap before GC invocations=5 (full 0):
 garbage-first heap   total reserved 1898496K, committed 40960K, used 30091K [0x000000008c200000, 0x0000000100000000)
  region size 1024K, 20 young (20480K), 3 survivors (3072K)
 Metaspace       used 30688K, committed 30976K, reserved 1114112K
  class space    used 3921K, committed 4032K, reserved 1048576K
}
Event: 4.547 GC heap after
{Heap after GC invocations=6 (full 0):
 garbage-first heap   total reserved 1898496K, committed 40960K, used 14861K [0x000000008c200000, 0x0000000100000000)
  region size 1024K, 3 young (3072K), 3 survivors (3072K)
 Metaspace       used 30688K, committed 30976K, reserved 1114112K
  class space    used 3921K, committed 4032K, reserved 1048576K
}
Event: 5.027 GC heap before
{Heap before GC invocations=6 (full 0):
 garbage-first heap   total reserved 1898496K, committed 40960K, used 29197K [0x000000008c200000, 0x0000000100000000)
  region size 1024K, 18 young (18432K), 3 survivors (3072K)
 Metaspace       used 34660K, committed 35008K, reserved 1114112K
  class space    used 4472K, committed 4608K, reserved 1048576K
}
Event: 5.031 GC heap after
{Heap after GC invocations=7 (full 0):
 garbage-first heap   total reserved 1898496K, committed 40960K, used 16979K [0x000000008c200000, 0x0000000100000000)
  region size 1024K, 3 young (3072K), 3 survivors (3072K)
 Metaspace       used 34660K, committed 35008K, reserved 1114112K
  class space    used 4472K, committed 4608K, reserved 1048576K
}
Event: 5.213 GC heap before
{Heap before GC invocations=7 (full 0):
 garbage-first heap   total reserved 1898496K, committed 40960K, used 21075K [0x000000008c200000, 0x0000000100000000)
  region size 1024K, 9 young (9216K), 3 survivors (3072K)
 Metaspace       used 35636K, committed 35968K, reserved 1114112K
  class space    used 4570K, committed 4736K, reserved 1048576K
}
Event: 5.216 GC heap after
{Heap after GC invocations=8 (full 0):
 garbage-first heap   total reserved 1898496K, committed 40960K, used 17696K [0x000000008c200000, 0x0000000100000000)
  region size 1024K, 1 young (1024K), 1 survivors (1024K)
 Metaspace       used 35636K, committed 35968K, reserved 1114112K
  class space    used 4570K, committed 4736K, reserved 1048576K
}
Event: 6.644 GC heap before
{Heap before GC invocations=9 (full 0):
 garbage-first heap   total reserved 1898496K, committed 40960K, used 32032K [0x000000008c200000, 0x0000000100000000)
  region size 1024K, 16 young (16384K), 1 survivors (1024K)
 Metaspace       used 39943K, committed 40384K, reserved 1114112K
  class space    used 5166K, committed 5376K, reserved 1048576K
}
Event: 6.648 GC heap after
{Heap after GC invocations=10 (full 0):
 garbage-first heap   total reserved 1898496K, committed 40960K, used 19396K [0x000000008c200000, 0x0000000100000000)
  region size 1024K, 2 young (2048K), 2 survivors (2048K)
 Metaspace       used 39943K, committed 40384K, reserved 1114112K
  class space    used 5166K, committed 5376K, reserved 1048576K
}
Event: 7.011 GC heap before
{Heap before GC invocations=10 (full 0):
 garbage-first heap   total reserved 1898496K, committed 40960K, used 33732K [0x000000008c200000, 0x0000000100000000)
  region size 1024K, 16 young (16384K), 2 survivors (2048K)
 Metaspace       used 41812K, committed 42240K, reserved 1114112K
  class space    used 5428K, committed 5632K, reserved 1048576K
}
Event: 7.013 GC heap after
{Heap after GC invocations=11 (full 0):
 garbage-first heap   total reserved 1898496K, committed 40960K, used 21338K [0x000000008c200000, 0x0000000100000000)
  region size 1024K, 2 young (2048K), 2 survivors (2048K)
 Metaspace       used 41812K, committed 42240K, reserved 1114112K
  class space    used 5428K, committed 5632K, reserved 1048576K
}
Event: 7.401 GC heap before
{Heap before GC invocations=11 (full 0):
 garbage-first heap   total reserved 1898496K, committed 40960K, used 35674K [0x000000008c200000, 0x0000000100000000)
  region size 1024K, 16 young (16384K), 2 survivors (2048K)
 Metaspace       used 44285K, committed 44800K, reserved 1114112K
  class space    used 5792K, committed 6016K, reserved 1048576K
}
Event: 7.405 GC heap after
{Heap after GC invocations=12 (full 0):
 garbage-first heap   total reserved 1898496K, committed 40960K, used 22876K [0x000000008c200000, 0x0000000100000000)
  region size 1024K, 2 young (2048K), 2 survivors (2048K)
 Metaspace       used 44285K, committed 44800K, reserved 1114112K
  class space    used 5792K, committed 6016K, reserved 1048576K
}

Dll operation events (13 events):
Event: 0.018 Loaded shared library C:\Program Files\Java\jdk-23\bin\java.dll
Event: 0.066 Loaded shared library C:\Program Files\Java\jdk-23\bin\jsvml.dll
Event: 0.163 Loaded shared library C:\Program Files\Java\jdk-23\bin\zip.dll
Event: 0.169 Loaded shared library C:\Program Files\Java\jdk-23\bin\instrument.dll
Event: 0.177 Loaded shared library C:\Program Files\Java\jdk-23\bin\net.dll
Event: 0.180 Loaded shared library C:\Program Files\Java\jdk-23\bin\nio.dll
Event: 0.184 Loaded shared library C:\Program Files\Java\jdk-23\bin\zip.dll
Event: 0.291 Loaded shared library C:\Program Files\Java\jdk-23\bin\extnet.dll
Event: 0.343 Loaded shared library C:\Program Files\Java\jdk-23\bin\verify.dll
Event: 0.353 Loaded shared library C:\Program Files\Java\jdk-23\bin\jimage.dll
Event: 1.449 Loaded shared library C:\Program Files\Java\jdk-23\bin\management.dll
Event: 1.452 Loaded shared library C:\Program Files\Java\jdk-23\bin\management_ext.dll
Event: 3.951 Loaded shared library C:\Program Files\Java\jdk-23\bin\sunmscapi.dll

Deoptimization events (20 events):
Event: 7.355 Thread 0x0000017516da1d50 DEOPT PACKING pc=0x000001751f5463c1 sp=0x000000373bffa270
Event: 7.355 Thread 0x0000017516da1d50 DEOPT UNPACKING pc=0x0000017526a54b22 sp=0x000000373bff96e0 mode 0
Event: 7.416 Thread 0x0000017516da1d50 DEOPT PACKING pc=0x000001751f5463c1 sp=0x000000373bff8940
Event: 7.416 Thread 0x0000017516da1d50 DEOPT UNPACKING pc=0x0000017526a54b22 sp=0x000000373bff7db0 mode 0
Event: 7.445 Thread 0x0000017516da1d50 Uncommon trap: trap_request=0xffffff45 fr.pc=0x0000017526f9b748 relative=0x0000000000000288
Event: 7.445 Thread 0x0000017516da1d50 Uncommon trap: reason=unstable_if action=reinterpret pc=0x0000017526f9b748 method=java.lang.String.isLatin1()Z @ 10 c2
Event: 7.445 Thread 0x0000017516da1d50 DEOPT PACKING pc=0x0000017526f9b748 sp=0x000000373bffda60
Event: 7.445 Thread 0x0000017516da1d50 DEOPT UNPACKING pc=0x0000017526a54402 sp=0x000000373bffd990 mode 2
Event: 7.463 Thread 0x0000017516da1d50 Uncommon trap: trap_request=0xffffffde fr.pc=0x0000017526ffd6d0 relative=0x0000000000000170
Event: 7.463 Thread 0x0000017516da1d50 Uncommon trap: reason=class_check action=maybe_recompile pc=0x0000017526ffd6d0 method=org.springframework.boot.context.properties.source.ConfigurationPropertyName$Elements.charAt(II)C @ 43 c2
Event: 7.463 Thread 0x0000017516da1d50 DEOPT PACKING pc=0x0000017526ffd6d0 sp=0x000000373bffc5d0
Event: 7.463 Thread 0x0000017516da1d50 DEOPT UNPACKING pc=0x0000017526a54402 sp=0x000000373bffc548 mode 2
Event: 7.463 Thread 0x0000017516da1d50 Uncommon trap: trap_request=0xffffffde fr.pc=0x0000017526ffd6d0 relative=0x0000000000000170
Event: 7.463 Thread 0x0000017516da1d50 Uncommon trap: reason=class_check action=maybe_recompile pc=0x0000017526ffd6d0 method=org.springframework.boot.context.properties.source.ConfigurationPropertyName$Elements.charAt(II)C @ 43 c2
Event: 7.463 Thread 0x0000017516da1d50 DEOPT PACKING pc=0x0000017526ffd6d0 sp=0x000000373bffc5d0
Event: 7.463 Thread 0x0000017516da1d50 DEOPT UNPACKING pc=0x0000017526a54402 sp=0x000000373bffc548 mode 2
Event: 15.940 Thread 0x000001757a981fe0 DEOPT PACKING pc=0x000001751f5463c1 sp=0x000000373e2feed0
Event: 15.940 Thread 0x000001757a981fe0 DEOPT UNPACKING pc=0x0000017526a54b22 sp=0x000000373e2fe340 mode 0
Event: 35.986 Thread 0x000001757a982d00 DEOPT PACKING pc=0x000001751f4da509 sp=0x000000373e1fe150
Event: 35.986 Thread 0x000001757a982d00 DEOPT UNPACKING pc=0x0000017526a54b22 sp=0x000000373e1fd640 mode 0

Classes loaded (20 events):
Event: 7.211 Loading class java/lang/ObjectCustomizer
Event: 7.211 Loading class java/lang/ObjectCustomizer done
Event: 7.236 Loading class java/lang/ObjectCustomizer
Event: 7.236 Loading class java/lang/ObjectCustomizer done
Event: 7.236 Loading class java/lang/ObjectCustomizer
Event: 7.236 Loading class java/lang/ObjectCustomizer done
Event: 7.262 Loading class java/lang/ObjectCustomizer
Event: 7.262 Loading class java/lang/ObjectCustomizer done
Event: 7.262 Loading class java/lang/ObjectCustomizer
Event: 7.262 Loading class java/lang/ObjectCustomizer done
Event: 7.477 Loading class sun/nio/ch/ServerSocketAdaptor
Event: 7.478 Loading class sun/nio/ch/ServerSocketAdaptor done
Event: 7.478 Loading class sun/nio/ch/DummySocketImpl
Event: 7.479 Loading class sun/nio/ch/DummySocketImpl done
Event: 7.484 Loading class java/lang/IllegalThreadStateException
Event: 7.484 Loading class java/lang/IllegalThreadStateException done
Event: 7.489 Loading class java/nio/channels/CancelledKeyException
Event: 7.489 Loading class java/nio/channels/CancelledKeyException done
Event: 7.496 Loading class java/util/TreeMap$ValueSpliterator
Event: 7.496 Loading class java/util/TreeMap$ValueSpliterator done

Classes unloaded (10 events):
Event: 7.422 Thread 0x00000175337f4ef0 Unloading class 0x000001753548ec00 'java/lang/invoke/LambdaForm$MH+0x000001753548ec00'
Event: 7.422 Thread 0x00000175337f4ef0 Unloading class 0x000001753548e800 'java/lang/invoke/LambdaForm$MH+0x000001753548e800'
Event: 7.422 Thread 0x00000175337f4ef0 Unloading class 0x000001753548dc00 'java/lang/invoke/LambdaForm$MH+0x000001753548dc00'
Event: 7.422 Thread 0x00000175337f4ef0 Unloading class 0x000001753548e400 'java/lang/invoke/LambdaForm$MH+0x000001753548e400'
Event: 7.422 Thread 0x00000175337f4ef0 Unloading class 0x000001753548e000 'java/lang/invoke/LambdaForm$MH+0x000001753548e000'
Event: 7.422 Thread 0x00000175337f4ef0 Unloading class 0x000001753548d800 'java/lang/invoke/LambdaForm$MH+0x000001753548d800'
Event: 7.422 Thread 0x00000175337f4ef0 Unloading class 0x000001753548cc00 'java/lang/invoke/LambdaForm$MH+0x000001753548cc00'
Event: 7.422 Thread 0x00000175337f4ef0 Unloading class 0x000001753548d000 'java/lang/invoke/LambdaForm$MH+0x000001753548d000'
Event: 7.422 Thread 0x00000175337f4ef0 Unloading class 0x000001753548c800 'java/lang/invoke/LambdaForm$MH+0x000001753548c800'
Event: 7.422 Thread 0x00000175337f4ef0 Unloading class 0x000001753548c400 'java/lang/invoke/LambdaForm$MH+0x000001753548c400'

Classes redefined (0 events):
No events

Internal exceptions (20 events):
Event: 6.845 Thread 0x0000017516da1d50 Exception <a 'java/lang/ClassNotFoundException'{0x000000008e315228}: org/springframework/beans/factory/AwareCustomizer> (0x000000008e315228) 
thrown [s\open\src\hotspot\share\classfile\systemDictionary.cpp, line 313]
Event: 6.847 Thread 0x0000017516da1d50 Exception <a 'java/lang/NoSuchMethodError'{0x000000008e32a1b8}: 'java.lang.Object java.lang.invoke.DirectMethodHandle$Holder.newInvokeSpecial(java.lang.Object, java.lang.Object, java.lang.Object, java.lang.Object, java.lang.Object, java.lang.Object, java.lang.Object, java.lang.Object)'> (0x000000008e32a1b8) 
thrown [s\open\src\hotspot\share\interpreter\linkResolver.cpp, line 796]
Event: 6.988 Thread 0x0000017516da1d50 Exception <a 'java/lang/NoSuchMethodError'{0x000000008ddfd510}: 'void java.lang.invoke.DirectMethodHandle$Holder.invokeVirtual(java.lang.Object, java.lang.Object, long)'> (0x000000008ddfd510) 
thrown [s\open\src\hotspot\share\interpreter\linkResolver.cpp, line 796]
Event: 7.130 Thread 0x0000017516da1d50 Exception <a 'java/lang/IncompatibleClassChangeError'{0x0000000090820c08}: Found class java.lang.Object, but interface was expected> (0x0000000090820c08) 
thrown [s\open\src\hotspot\share\interpreter\linkResolver.cpp, line 863]
Event: 7.174 Thread 0x0000017516da1d50 Exception <a 'java/lang/NoSuchMethodError'{0x000000009077eb50}: 'int java.lang.invoke.DirectMethodHandle$Holder.invokeStaticInit(java.lang.Object, java.lang.Object, java.lang.Object, java.lang.Object)'> (0x000000009077eb50) 
thrown [s\open\src\hotspot\share\interpreter\linkResolver.cpp, line 796]
Event: 7.211 Thread 0x0000017516da1d50 Exception <a 'java/lang/ClassNotFoundException'{0x000000008e376800}: java/lang/ObjectCustomizer> (0x000000008e376800) 
thrown [s\open\src\hotspot\share\classfile\systemDictionary.cpp, line 313]
Event: 7.212 Thread 0x0000017516da1d50 Exception <a 'java/lang/ClassNotFoundException'{0x000000008e37c708}: org/springframework/security/config/annotation/authentication/configuration/AuthenticationConfigurationCustomizer> (0x000000008e37c708) 
thrown [s\open\src\hotspot\share\classfile\systemDictionary.cpp, line 313]
Event: 7.236 Thread 0x0000017516da1d50 Exception <a 'java/lang/ClassNotFoundException'{0x000000008e25b078}: java/lang/ObjectCustomizer> (0x000000008e25b078) 
thrown [s\open\src\hotspot\share\classfile\systemDictionary.cpp, line 313]
Event: 7.237 Thread 0x0000017516da1d50 Exception <a 'java/lang/ClassNotFoundException'{0x000000008e260da0}: org/springframework/security/config/annotation/web/configuration/WebSecurityConfigurationCustomizer> (0x000000008e260da0) 
thrown [s\open\src\hotspot\share\classfile\systemDictionary.cpp, line 313]
Event: 7.239 Thread 0x0000017516da1d50 Exception <a 'java/lang/ClassNotFoundException'{0x000000008e26bfe0}: org/springframework/context/annotation/ImportAwareCustomizer> (0x000000008e26bfe0) 
thrown [s\open\src\hotspot\share\classfile\systemDictionary.cpp, line 313]
Event: 7.240 Thread 0x0000017516da1d50 Exception <a 'java/lang/ClassNotFoundException'{0x000000008e26f6c0}: org/springframework/beans/factory/AwareCustomizer> (0x000000008e26f6c0) 
thrown [s\open\src\hotspot\share\classfile\systemDictionary.cpp, line 313]
Event: 7.240 Thread 0x0000017516da1d50 Exception <a 'java/lang/ClassNotFoundException'{0x000000008e271fb0}: org/springframework/beans/factory/BeanClassLoaderAwareCustomizer> (0x000000008e271fb0) 
thrown [s\open\src\hotspot\share\classfile\systemDictionary.cpp, line 313]
Event: 7.240 Thread 0x0000017516da1d50 Exception <a 'java/lang/ClassNotFoundException'{0x000000008e275670}: org/springframework/beans/factory/AwareCustomizer> (0x000000008e275670) 
thrown [s\open\src\hotspot\share\classfile\systemDictionary.cpp, line 313]
Event: 7.262 Thread 0x0000017516da1d50 Exception <a 'java/lang/ClassNotFoundException'{0x000000008e10ec40}: java/lang/ObjectCustomizer> (0x000000008e10ec40) 
thrown [s\open\src\hotspot\share\classfile\systemDictionary.cpp, line 313]
Event: 7.263 Thread 0x0000017516da1d50 Exception <a 'java/lang/ClassNotFoundException'{0x000000008e115178}: org/springframework/security/config/annotation/web/configuration/HttpSecurityConfigurationCustomizer> (0x000000008e115178) 
thrown [s\open\src\hotspot\share\classfile\systemDictionary.cpp, line 313]
Event: 7.297 Thread 0x0000017516da1d50 Implicit null exception at 0x00000175270548cc to 0x000001752705499a
Event: 7.473 Thread 0x0000017516da1d50 Exception <a 'java/lang/NoSuchMethodError'{0x0000000090aa45c0}: 'java.lang.Object java.lang.invoke.DirectMethodHandle$Holder.newInvokeSpecial(java.lang.Object, java.lang.Object, int, java.lang.Object, java.lang.Object)'> (0x0000000090aa45c0) 
thrown [s\open\src\hotspot\share\interpreter\linkResolver.cpp, line 796]
Event: 7.474 Thread 0x0000017516da1d50 Exception <a 'java/lang/NoSuchMethodError'{0x0000000090aafa10}: 'java.lang.Object java.lang.invoke.DirectMethodHandle$Holder.invokeSpecial(java.lang.Object, java.lang.Object, int, java.lang.Object, int, java.lang.Object)'> (0x0000000090aafa10) 
thrown [s\open\src\hotspot\share\interpreter\linkResolver.cpp, line 796]
Event: 7.475 Thread 0x0000017516da1d50 Exception <a 'java/lang/NoSuchMethodError'{0x0000000090ab6e20}: 'java.lang.Object java.lang.invoke.DirectMethodHandle$Holder.newInvokeSpecial(java.lang.Object, java.lang.Object, int, java.lang.Object, int)'> (0x0000000090ab6e20) 
thrown [s\open\src\hotspot\share\interpreter\linkResolver.cpp, line 796]
Event: 7.475 Thread 0x0000017516da1d50 Exception <a 'java/lang/NoSuchMethodError'{0x0000000090abad38}: 'java.lang.Object java.lang.invoke.DirectMethodHandle$Holder.invokeSpecial(java.lang.Object, java.lang.Object, java.lang.Object, int, java.lang.Object, int)'> (0x0000000090abad38) 
thrown [s\open\src\hotspot\share\interpreter\linkResolver.cpp, line 796]

VM Operations (20 events):
Event: 6.644 Executing VM operation: G1CollectForAllocation (G1 Evacuation Pause)
Event: 6.648 Executing VM operation: G1CollectForAllocation (G1 Evacuation Pause) done
Event: 6.741 Executing VM operation: HandshakeAllThreads (Deoptimize)
Event: 6.742 Executing VM operation: HandshakeAllThreads (Deoptimize) done
Event: 6.902 Executing VM operation: HandshakeAllThreads (Deoptimize)
Event: 6.902 Executing VM operation: HandshakeAllThreads (Deoptimize) done
Event: 7.009 Executing VM operation: HandshakeAllThreads (Deoptimize)
Event: 7.009 Executing VM operation: HandshakeAllThreads (Deoptimize) done
Event: 7.011 Executing VM operation: G1CollectForAllocation (G1 Evacuation Pause)
Event: 7.013 Executing VM operation: G1CollectForAllocation (G1 Evacuation Pause) done
Event: 7.112 Executing VM operation: HandshakeAllThreads (Deoptimize)
Event: 7.112 Executing VM operation: HandshakeAllThreads (Deoptimize) done
Event: 7.138 Executing VM operation: HandshakeAllThreads (Deoptimize)
Event: 7.138 Executing VM operation: HandshakeAllThreads (Deoptimize) done
Event: 7.401 Executing VM operation: G1CollectForAllocation (G1 Evacuation Pause)
Event: 7.405 Executing VM operation: G1CollectForAllocation (G1 Evacuation Pause) done
Event: 7.421 Executing VM operation: G1PauseRemark
Event: 7.427 Executing VM operation: G1PauseRemark done
Event: 7.432 Executing VM operation: G1PauseCleanup
Event: 7.433 Executing VM operation: G1PauseCleanup done

Memory protections (0 events):
No events

Nmethod flushes (20 events):
Event: 7.426 Thread 0x00000175337f4ef0 flushing  nmethod 0x0000017526ff5088
Event: 7.426 Thread 0x00000175337f4ef0 flushing  nmethod 0x0000017527025608
Event: 7.426 Thread 0x00000175337f4ef0 flushing  nmethod 0x0000017527048408
Event: 7.426 Thread 0x00000175337f4ef0 flushing  nmethod 0x0000017527089e88
Event: 7.426 Thread 0x00000175337f4ef0 flushing  nmethod 0x000001751f504588
Event: 7.426 Thread 0x00000175337f4ef0 flushing  nmethod 0x000001751f504908
Event: 7.426 Thread 0x00000175337f4ef0 flushing  nmethod 0x000001751f551d08
Event: 7.426 Thread 0x00000175337f4ef0 flushing  nmethod 0x000001751f57ae08
Event: 7.426 Thread 0x00000175337f4ef0 flushing  nmethod 0x000001751f625d88
Event: 7.426 Thread 0x00000175337f4ef0 flushing  nmethod 0x000001751f6be908
Event: 7.426 Thread 0x00000175337f4ef0 flushing  nmethod 0x000001751f6bf708
Event: 7.426 Thread 0x00000175337f4ef0 flushing  nmethod 0x000001751f71c588
Event: 7.426 Thread 0x00000175337f4ef0 flushing  nmethod 0x000001751f7bd508
Event: 7.426 Thread 0x00000175337f4ef0 flushing  nmethod 0x000001751f7bd808
Event: 7.426 Thread 0x00000175337f4ef0 flushing  nmethod 0x000001751f7bff88
Event: 7.426 Thread 0x00000175337f4ef0 flushing  nmethod 0x000001751f8da088
Event: 7.426 Thread 0x00000175337f4ef0 flushing  nmethod 0x000001751f8dca88
Event: 7.426 Thread 0x00000175337f4ef0 flushing  nmethod 0x000001751f994408
Event: 7.426 Thread 0x00000175337f4ef0 flushing  nmethod 0x000001751faa7088
Event: 7.426 Thread 0x00000175337f4ef0 flushing  nmethod 0x000001751fae1d88

Events (20 events):
Event: 4.925 Thread 0x000001757a9812c0 Thread added: 0x000001757a984740
Event: 4.925 Thread 0x000001757a9812c0 Thread added: 0x000001757a981950
Event: 5.238 Thread 0x0000017533beb3e0 Thread exited: 0x0000017533beb3e0
Event: 5.905 Thread 0x000001757a985460 Thread added: 0x000001757a986ea0
Event: 5.907 Thread 0x000001757a982d00 Thread added: 0x000001757a988250
Event: 5.908 Thread 0x000001757a984740 Thread added: 0x000001757a985af0
Event: 7.486 Thread 0x0000017516da1d50 Thread added: 0x000001757a983390
Event: 7.486 Thread 0x0000017516da1d50 Thread added: 0x000001757a984dd0
Event: 7.486 Thread 0x0000017516da1d50 Thread added: 0x000001757a987530
Event: 7.486 Thread 0x0000017516da1d50 Thread added: 0x00000175797263f0
Event: 7.486 Thread 0x0000017516da1d50 Thread added: 0x0000017579729f00
Event: 7.486 Thread 0x0000017516da1d50 Thread added: 0x000001757972c660
Event: 7.486 Thread 0x0000017516da1d50 Thread added: 0x0000017579728b50
Event: 7.487 Thread 0x0000017516da1d50 Thread added: 0x00000175797277a0
Event: 7.487 Thread 0x0000017516da1d50 Thread added: 0x000001757972ccf0
Event: 7.487 Thread 0x0000017516da1d50 Thread added: 0x000001757972b940
Event: 7.493 Thread 0x0000017516da1d50 Thread added: 0x00000175797291e0
Event: 7.495 Thread 0x0000017516da1d50 Thread added: 0x000001757972a590
Event: 7.517 Thread 0x0000017516da1d50 Thread exited: 0x0000017516da1d50
Event: 7.517 Thread 0x000001757972da10 Thread added: 0x000001757972da10


Dynamic libraries:
0x00007ff708f80000 - 0x00007ff708f90000 	C:\Program Files\Java\jdk-23\bin\java.exe
0x00007ff829450000 - 0x00007ff829667000 	C:\Windows\SYSTEM32\ntdll.dll
0x00007ff8285e0000 - 0x00007ff8286a4000 	C:\Windows\System32\KERNEL32.DLL
0x00007ff826940000 - 0x00007ff826ced000 	C:\Windows\System32\KERNELBASE.dll
0x00007ff826f40000 - 0x00007ff827051000 	C:\Windows\System32\ucrtbase.dll
0x00007ff81fee0000 - 0x00007ff81fef7000 	C:\Program Files\Java\jdk-23\bin\jli.dll
0x00007ff81fea0000 - 0x00007ff81febb000 	C:\Program Files\Java\jdk-23\bin\VCRUNTIME140.dll
0x00007ff828fa0000 - 0x00007ff82914e000 	C:\Windows\System32\USER32.dll
0x00007ff8163e0000 - 0x00007ff816673000 	C:\Windows\WinSxS\amd64_microsoft.windows.common-controls_6595b64144ccf1df_6.0.22621.3672_none_2713b9d173822955\COMCTL32.dll
0x00007ff826d20000 - 0x00007ff826d46000 	C:\Windows\System32\win32u.dll
0x00007ff828c00000 - 0x00007ff828ca7000 	C:\Windows\System32\msvcrt.dll
0x00007ff827a90000 - 0x00007ff827ab9000 	C:\Windows\System32\GDI32.dll
0x00007ff827060000 - 0x00007ff827179000 	C:\Windows\System32\gdi32full.dll
0x00007ff8268a0000 - 0x00007ff82693a000 	C:\Windows\System32\msvcp_win.dll
0x00007ff8273d0000 - 0x00007ff827401000 	C:\Windows\System32\IMM32.DLL
0x00007ff823930000 - 0x00007ff82393c000 	C:\Program Files\Java\jdk-23\bin\vcruntime140_1.dll
0x00007ff802100000 - 0x00007ff80218e000 	C:\Program Files\Java\jdk-23\bin\msvcp140.dll
0x00007fffe3220000 - 0x00007fffe3f6f000 	C:\Program Files\Java\jdk-23\bin\server\jvm.dll
0x00007ff829170000 - 0x00007ff829222000 	C:\Windows\System32\ADVAPI32.dll
0x00007ff827bc0000 - 0x00007ff827c69000 	C:\Windows\System32\sechost.dll
0x00007ff826cf0000 - 0x00007ff826d18000 	C:\Windows\System32\bcrypt.dll
0x00007ff827180000 - 0x00007ff827294000 	C:\Windows\System32\RPCRT4.dll
0x00007ff828ec0000 - 0x00007ff828f31000 	C:\Windows\System32\WS2_32.dll
0x00007ff8260d0000 - 0x00007ff82611d000 	C:\Windows\SYSTEM32\POWRPROF.dll
0x00007ff8221b0000 - 0x00007ff8221e4000 	C:\Windows\SYSTEM32\WINMM.dll
0x00007ff81d350000 - 0x00007ff81d35a000 	C:\Windows\SYSTEM32\VERSION.dll
0x00007ff826040000 - 0x00007ff826053000 	C:\Windows\SYSTEM32\UMPDC.dll
0x00007ff8257a0000 - 0x00007ff8257b8000 	C:\Windows\SYSTEM32\kernel.appcore.dll
0x00007ff822100000 - 0x00007ff82210a000 	C:\Program Files\Java\jdk-23\bin\jimage.dll
0x00007ff820460000 - 0x00007ff820692000 	C:\Windows\SYSTEM32\DBGHELP.DLL
0x00007ff828870000 - 0x00007ff828bfd000 	C:\Windows\System32\combase.dll
0x00007ff828de0000 - 0x00007ff828eb7000 	C:\Windows\System32\OLEAUT32.dll
0x00007ff80b730000 - 0x00007ff80b762000 	C:\Windows\SYSTEM32\dbgcore.DLL
0x00007ff826d50000 - 0x00007ff826dcb000 	C:\Windows\System32\bcryptPrimitives.dll
0x00007ff81c8c0000 - 0x00007ff81c8cf000 	C:\Program Files\Java\jdk-23\bin\instrument.dll
0x00007ff81f890000 - 0x00007ff81f8ae000 	C:\Program Files\Java\jdk-23\bin\java.dll
0x00007ff827410000 - 0x00007ff8275b5000 	C:\Windows\System32\ole32.dll
0x00007ff827d70000 - 0x00007ff8285d8000 	C:\Windows\System32\SHELL32.dll
0x00007ff824680000 - 0x00007ff824f7e000 	C:\Windows\SYSTEM32\windows.storage.dll
0x00007ff824540000 - 0x00007ff82467f000 	C:\Windows\SYSTEM32\wintypes.dll
0x00007ff827c70000 - 0x00007ff827d69000 	C:\Windows\System32\SHCORE.dll
0x00007ff828f40000 - 0x00007ff828f9e000 	C:\Windows\System32\shlwapi.dll
0x00007ff8266a0000 - 0x00007ff8266c1000 	C:\Windows\SYSTEM32\profapi.dll
0x00007ff801a30000 - 0x00007ff801b07000 	C:\Program Files\Java\jdk-23\bin\jsvml.dll
0x00007ff81d260000 - 0x00007ff81d277000 	C:\Program Files\Java\jdk-23\bin\zip.dll
0x00007ff821020000 - 0x00007ff821030000 	C:\Program Files\Java\jdk-23\bin\net.dll
0x00007ff825c10000 - 0x00007ff825c79000 	C:\Windows\system32\mswsock.dll
0x00007ff81e080000 - 0x00007ff81e096000 	C:\Program Files\Java\jdk-23\bin\nio.dll
0x00007ff81fe90000 - 0x00007ff81fe99000 	C:\Program Files\Java\jdk-23\bin\extnet.dll
0x00007ff81e040000 - 0x00007ff81e050000 	C:\Program Files\Java\jdk-23\bin\verify.dll
0x00007ff81bec0000 - 0x00007ff81beca000 	C:\Program Files\Java\jdk-23\bin\management.dll
0x00007ff81beb0000 - 0x00007ff81bebb000 	C:\Program Files\Java\jdk-23\bin\management_ext.dll
0x00007ff828cb0000 - 0x00007ff828cb8000 	C:\Windows\System32\PSAPI.DLL
0x00007ff8074a0000 - 0x00007ff8074b7000 	C:\Windows\system32\napinsp.dll
0x00007ff807480000 - 0x00007ff80749b000 	C:\Windows\system32\pnrpnsp.dll
0x00007ff825250000 - 0x00007ff825348000 	C:\Windows\SYSTEM32\DNSAPI.dll
0x00007ff8251e0000 - 0x00007ff82520d000 	C:\Windows\SYSTEM32\IPHLPAPI.DLL
0x00007ff829150000 - 0x00007ff829159000 	C:\Windows\System32\NSI.dll
0x00007ff807460000 - 0x00007ff807471000 	C:\Windows\System32\winrnr.dll
0x00007ff807440000 - 0x00007ff807455000 	C:\Windows\system32\wshbth.dll
0x00007ff8072d0000 - 0x00007ff8072f7000 	C:\Windows\system32\nlansp_c.dll
0x00007ff821f00000 - 0x00007ff821f0a000 	C:\Windows\System32\rasadhlp.dll
0x00007ff822420000 - 0x00007ff8224a3000 	C:\Windows\System32\fwpuclnt.dll
0x00007ff825ee0000 - 0x00007ff825efb000 	C:\Windows\SYSTEM32\CRYPTSP.dll
0x00007ff825700000 - 0x00007ff825735000 	C:\Windows\system32\rsaenh.dll
0x00007ff825d80000 - 0x00007ff825da8000 	C:\Windows\SYSTEM32\USERENV.dll
0x00007ff825f00000 - 0x00007ff825f0c000 	C:\Windows\SYSTEM32\CRYPTBASE.dll
0x00007ff81c8d0000 - 0x00007ff81c8de000 	C:\Program Files\Java\jdk-23\bin\sunmscapi.dll
0x00007ff826dd0000 - 0x00007ff826f37000 	C:\Windows\System32\CRYPT32.dll
0x00007ff826120000 - 0x00007ff82614e000 	C:\Windows\SYSTEM32\ncrypt.dll
0x00007ff826090000 - 0x00007ff8260c7000 	C:\Windows\SYSTEM32\NTASN1.dll
0x00007ff8232a0000 - 0x00007ff8232b9000 	C:\Windows\SYSTEM32\dhcpcsvc6.DLL
0x00007ff823280000 - 0x00007ff82329f000 	C:\Windows\SYSTEM32\dhcpcsvc.DLL
0x00007ff822360000 - 0x00007ff822368000 	C:\Windows\system32\wshunix.dll

dbghelp: loaded successfully - version: 4.0.5 - missing functions: none
symbol engine: initialized successfully - sym options: 0x614 - pdb path: .;C:\Program Files\Java\jdk-23\bin;C:\Windows\SYSTEM32;C:\Windows\WinSxS\amd64_microsoft.windows.common-controls_6595b64144ccf1df_6.0.22621.3672_none_2713b9d173822955;C:\Program Files\Java\jdk-23\bin\server

VM Arguments:
jvm_args: -javaagent:D:\Program Files\IntelliJ IDEA Community Edition 2024.3.5\lib\idea_rt.jar=51889 -Dfile.encoding=UTF-8 -Dsun.stdout.encoding=UTF-8 -Dsun.stderr.encoding=UTF-8 
java_command: net.engineeringdigest.journalApp.JournalApplication
java_class_path (initial): D:\Chrome Downloads\journalApp\journalApp\target\classes;C:\Users\abhishek\.m2\repository\org\springframework\boot\spring-boot-starter-web\2.7.16\spring-boot-starter-web-2.7.16.jar;C:\Users\abhishek\.m2\repository\org\springframework\boot\spring-boot-starter\2.7.16\spring-boot-starter-2.7.16.jar;C:\Users\abhishek\.m2\repository\org\springframework\boot\spring-boot\2.7.16\spring-boot-2.7.16.jar;C:\Users\abhishek\.m2\repository\org\springframework\boot\spring-boot-autoconfigure\2.7.16\spring-boot-autoconfigure-2.7.16.jar;C:\Users\abhishek\.m2\repository\org\springframework\boot\spring-boot-starter-logging\2.7.16\spring-boot-starter-logging-2.7.16.jar;C:\Users\abhishek\.m2\repository\ch\qos\logback\logback-classic\1.2.12\logback-classic-1.2.12.jar;C:\Users\abhishek\.m2\repository\ch\qos\logback\logback-core\1.2.12\logback-core-1.2.12.jar;C:\Users\abhishek\.m2\repository\org\apache\logging\log4j\log4j-to-slf4j\2.17.2\log4j-to-slf4j-2.17.2.jar;C:\Users\abhishek\.m2\repository\org\apache\logging\log4j\log4j-api\2.17.2\log4j-api-2.17.2.jar;C:\Users\abhishek\.m2\repository\org\slf4j\jul-to-slf4j\1.7.36\jul-to-slf4j-1.7.36.jar;C:\Users\abhishek\.m2\repository\jakarta\annotation\jakarta.annotation-api\1.3.5\jakarta.annotation-api-1.3.5.jar;C:\Users\abhishek\.m2\repository\org\yaml\snakeyaml\1.30\snakeyaml-1.30.jar;C:\Users\abhishek\.m2\repository\org\springframework\boot\spring-boot-starter-json\2.7.16\spring-boot-starter-json-2.7.16.jar;C:\Users\abhishek\.m2\repository\com\fasterxml\jackson\core\jackson-databind\2.13.5\jackson-databind-2.13.5.jar;C:\Users\abhishek\.m2\repository\com\fasterxml\jackson\core\jackson-annotations\2.13.5\jackson-annotations-2.13.5.jar;C:\Users\abhishek\.m2\repository\com\fasterxml\jackson\core\jackson-core\2.13.5\jackson-core-2.13.5.jar;C:\Users\abhishek\.m2\repository\com\fasterxml\jackson\datatype\jackson-datatype-jdk8\2.13.5\jackson-datatype-jdk8-2.13.5.jar;C:\Users\abhishek\.m2\repository\com\fasterxml\jackson\datatype\jackson-datatype-jsr310\2.13.5\jackson-datatype-jsr310-2.13.5.jar;C:\Users\abhishek\.m2\repository\com\fasterxml\jackson\module\jackson-module-parameter-names\2.13.5\jackson-module-parameter-names-2.13.5.jar;C:\Users\abhishek\.m2\repository\org\springframework\boot\spring-boot-starter-tomcat\2.7.16\spring-boot-starter-tomcat-2.7.16.jar;C:\Users\abhishek\.m2\repository\org\apache\tomcat\embed\tomcat-embed-core\9.0.80\tomcat-embed-core-9.0.80.jar;C:\Users\abhishek\.m2\repository\org\apache\tomcat\embed\tomcat-embed-el\9.0.80\tomcat-embed-el-9.0.80.jar;C:\Users\abhishek\.m2\repository\org\apache\tomcat\embed\tomcat-embed-websocket\9.0.80\tomcat-embed-websocket-9.0.80.jar;C:\Users\abhishek\.m2\repository\org\springframework\spring-web\5.3.30\spring-web-5.3.30.jar;C:\Users\abhishek\.m2\repository\org\springframework\spring-beans\5.3.30\spring-beans-5.3.30.jar;C:\Users\abhishek\.m2\repository\org\springframework\spring-webmvc\5.3.30\spring-webmvc-5.3.30.jar;C:\Users\abhishek\.m2\repository\org\springframework\spring-context\5.3.30\spring-context-5.3.30.jar;C:\Users\abhishek\.m2\repository\org\springframework\spring-expression\5.3.30\spring-expression-5.3.30.jar;C:\Users\abhishek\.m2\repository\org\slf4j\slf4j-api\1.7.36\slf4j-api-1.7.36.jar;C:\Users\abhishek\.m2\repository\org\springframework\spring-core\5.3.30\spring-core-5.3.30.jar;C:\Users\abhishek\.m2\repository\org\springframework\spring-jcl\5.3.30\spring-jcl-5.3.30.jar;C:\Users\abhishek\.m2\repository\org\springframework\boot\spring-boot-starter-data-mongodb\2.7.16\spring-boot-starter-data-mongodb-2.7.16.jar;C:\Users\abhishek\.m2\repository\org\mongodb\mongodb-driver-sync\4.6.1\mongodb-driver-sync-4.6.1.jar;C:\Users\abhishek\.m2\repository\org\mongodb\bson\4.6.1\bson-4.6.1.jar;C:\Users\abhishek\.m2\repository\org\mongodb\mongodb-driver-core\4.6.1\mongodb-driver-core-4.6.1.jar;C:\Users\abhishek\.m2\repository\org\mongodb\bson-record-codec\4.6.1\bson-record-codec-4.6.1.jar;C:\Users\abhishek\.m2\repository\org\springframework\data\spring-data-mongodb\3.4.16\spring-data-mongodb-3.4.16.jar;C:\Users\abhishek\.m2\repository\org\springframework\spring-tx\5.3.30\spring-tx-5.3.30.jar;C:\Users\abhishek\.m2\repository\org\springframework\data\spring-data-commons\2.7.16\spring-data-commons-2.7.16.jar;C:\Users\abhishek\.m2\repository\org\springframework\boot\spring-boot-starter-security\2.7.16\spring-boot-starter-security-2.7.16.jar;C:\Users\abhishek\.m2\repository\org\springframework\spring-aop\5.3.30\spring-aop-5.3.30.jar;C:\Users\abhishek\.m2\repository\org\springframework\security\spring-security-config\5.7.11\spring-security-config-5.7.11.jar;C:\Users\abhishek\.m2\repository\org\springframework\security\spring-security-core\5.7.11\spring-security-core-5.7.11.jar;C:\Users\abhishek\.m2\repository\org\springframework\security\spring-security-crypto\5.7.11\spring-security-crypto-5.7.11.jar;C:\Users\abhishek\.m2\repository\org\springframework\security\spring-security-web\5.7.11\spring-security-web-5.7.11.jar
Launcher Type: SUN_STANDARD

[Global flags]
     intx CICompilerCount                          = 4                                         {product} {ergonomic}
     uint ConcGCThreads                            = 2                                         {product} {ergonomic}
     uint G1ConcRefinementThreads                  = 8                                         {product} {ergonomic}
   size_t G1HeapRegionSize                         = 1048576                                   {product} {ergonomic}
   size_t InitialHeapSize                          = 121634816                                 {product} {ergonomic}
   size_t MarkStackSize                            = 4194304                                   {product} {ergonomic}
   size_t MarkStackSizeMax                         = 536870912                                 {product} {ergonomic}
   size_t MaxHeapSize                              = 1944059904                                {product} {ergonomic}
   size_t MaxNewSize                               = 1166016512                                {product} {ergonomic}
   size_t MinHeapDeltaBytes                        = 1048576                                   {product} {ergonomic}
   size_t MinHeapSize                              = 8388608                                   {product} {ergonomic}
    uintx NonNMethodCodeHeapSize                   = 5832704                                {pd product} {ergonomic}
    uintx NonProfiledCodeHeapSize                  = 122945536                              {pd product} {ergonomic}
    uintx ProfiledCodeHeapSize                     = 122880000                              {pd product} {ergonomic}
    uintx ReservedCodeCacheSize                    = 251658240                              {pd product} {ergonomic}
     bool SegmentedCodeCache                       = true                                      {product} {ergonomic}
   size_t SoftMaxHeapSize                          = 1944059904                             {manageable} {ergonomic}
     bool UseCompressedOops                        = true                           {product lp64_product} {ergonomic}
     bool UseG1GC                                  = true                                      {product} {ergonomic}
     bool UseLargePagesIndividualAllocation        = false                                  {pd product} {ergonomic}

Logging:
Log output configuration:
 #0: stdout all=warning uptime,level,tags foldmultilines=false
 #1: stderr all=off uptime,level,tags foldmultilines=false

Environment Variables:
JAVA_HOME=C:\Program Files\Java\jdk-23
PATH=C:\Program Files\Common Files\Oracle\Java\javapath;C:\Windows\system32;C:\Windows;C:\Windows\System32\Wbem;C:\Windows\System32\WindowsPowerShell\v1.0\;C:\Windows\System32\OpenSSH\;C:\MinGW\bin;C:\Program Files\jdk-23.0.2\bin;C:\Program Files\Java\jdk-23\bin;C:\Program Files\Git\cmd;C:\Program Files\Maven\apache-maven-3.9.9\bin;C:\data\db;C:\Program Files\MongoDB\Server\8.0\bin;D:\MongoDb\mongosh-2.4.2-win32-x64\bin;C:\Users\abhishek\AppData\Local\Programs\Python\Python312\Scripts\;C:\Users\abhishek\AppData\Local\Programs\Python\Python312\;C:\Users\abhishek\AppData\Local\Microsoft\WindowsApps;C:\Users\abhishek\AppData\Local\GitHubDesktop\bin;C:\Users\abhishek\AppData\Local\Programs\Microsoft VS Code\bin;D:\IntelliJ IDEA 2024.3.5\bin;;D:\Program Files\IntelliJ IDEA Community Edition 2024.3.5\bin;
USERNAME=Aadi
OS=Windows_NT
PROCESSOR_IDENTIFIER=AMD64 Family 23 Model 160 Stepping 0, AuthenticAMD
TMP=C:\Users\abhishek\AppData\Local\Temp
TEMP=C:\Users\abhishek\AppData\Local\Temp




Periodic native trim disabled

---------------  S Y S T E M  ---------------

OS:
 Windows 11 , 64 bit Build 22621 (10.0.22621.3958)
OS uptime: 1 days 2:31 hours
Hyper-V role detected

CPU: total 8 (initial active 8) (8 cores per cpu, 2 threads per core) family 23 model 160 stepping 0 microcode 0x0, cx8, cmov, fxsr, ht, mmx, 3dnowpref, sse, sse2, sse3, ssse3, sse4a, sse4.1, sse4.2, popcnt, lzcnt, tsc, tscinvbit, avx, avx2, aes, clmul, bmi1, bmi2, adx, sha, fma, vzeroupper, clflush, clflushopt, hv, rdtscp, rdpid, f16c
Processor Information for the first 8 processors :
  Max Mhz: 2401, Current Mhz: 2401, Mhz Limit: 2401

Memory: 4k page, system-wide physical 7413M (378M free)
TotalPageFile size 10485M (AvailPageFile size 0M)
current process WorkingSet (physical memory assigned to process): 168M, peak: 193M
current process commit charge ("private bytes"): 203M, peak: 266M

vm_info: Java HotSpot(TM) 64-Bit Server VM (23.0.1+11-39) for windows-amd64 JRE (23.0.1+11-39), built on 2024-09-30T07:20:43Z with MS VC++ 17.6 (VS2022)

END.
