#
# There is insufficient memory for the Java Runtime Environment to continue.
# Native memory allocation (mmap) failed to map 121634816 bytes. Error detail: G1 virtual space
# Possible reasons:
#   The system is out of physical RAM or swap space
#   This process is running with CompressedOops enabled, and the Java Heap may be blocking the growth of the native heap
# Possible solutions:
#   Reduce memory load on the system
#   Increase physical memory or swap space
#   Check if swap backing store is full
#   Decrease Java heap size (-Xmx/-Xms)
#   Decrease number of Java threads
#   Decrease Java thread stack sizes (-Xss)
#   Set larger code cache with -XX:ReservedCodeCacheSize=
#   JVM is running with Unscaled Compressed Oops mode in which the Java heap is
#     placed in the first 4GB address space. The Java Heap base address is the
#     maximum limit for the native heap growth. Please use -XX:HeapBaseMinAddress
#     to set the Java Heap base and to place the Java Heap above 4GB virtual address.
# This output file may be truncated or incomplete.
#
#  Out of Memory Error (os_windows.cpp:3703), pid=10976, tid=14764
#
# JRE version:  (23.0.1+11) (build )
# Java VM: Java HotSpot(TM) 64-Bit Server VM (23.0.1+11-39, mixed mode, sharing, tiered, compressed oops, compressed class ptrs, g1 gc, windows-amd64)
# No core dump will be written. Minidumps are not enabled by default on client versions of Windows
#

---------------  S U M M A R Y ------------

Command Line: -javaagent:D:\User\Aadi\Program Files\IntelIJ\IntelliJ IDEA Community Edition 2024.3.5\lib\idea_rt.jar=55152 -Dfile.encoding=UTF-8 -Dsun.stdout.encoding=UTF-8 -Dsun.stderr.encoding=UTF-8 net.engineeringdigest.journalApp.JournalApplication

Host: AMD Ryzen 3 7320U with Radeon Graphics         , 8 cores, 7G,  Windows 11 , 64 bit Build 22621 (10.0.22621.3958)
Time: Fri Apr 11 21:48:29 2025 India Standard Time elapsed time: 0.020968 seconds (0d 0h 0m 0s)

---------------  T H R E A D  ---------------

Current thread (0x00000186088c8b30):  JavaThread "Unknown thread" [_thread_in_vm, id=14764, stack(0x0000008482e00000,0x0000008482f00000) (1024K)]

Stack: [0x0000008482e00000,0x0000008482f00000]
Native frames: (J=compiled Java code, j=interpreted, Vv=VM code, C=native code)
V  [jvm.dll+0x6e08b9]  (no source info available)
V  [jvm.dll+0x87dc83]  (no source info available)
V  [jvm.dll+0x88010e]  (no source info available)
V  [jvm.dll+0x8807e3]  (no source info available)
V  [jvm.dll+0x27aee6]  (no source info available)
V  [jvm.dll+0x6dd1c5]  (no source info available)
V  [jvm.dll+0x6d104a]  (no source info available)
V  [jvm.dll+0x35b3ea]  (no source info available)
V  [jvm.dll+0x3637f6]  (no source info available)
V  [jvm.dll+0x34fd5e]  (no source info available)
V  [jvm.dll+0x34fff8]  (no source info available)
V  [jvm.dll+0x3289cc]  (no source info available)
V  [jvm.dll+0x32966e]  (no source info available)
V  [jvm.dll+0x844355]  (no source info available)
V  [jvm.dll+0x3b9848]  (no source info available)
V  [jvm.dll+0x82d14c]  (no source info available)
V  [jvm.dll+0x454d4e]  (no source info available)
V  [jvm.dll+0x456bd1]  (no source info available)
C  [jli.dll+0x52a3]  (no source info available)
C  [ucrtbase.dll+0x29333]  (no source info available)
C  [KERNEL32.DLL+0x1257d]  (no source info available)
C  [ntdll.dll+0x5af28]  (no source info available)

Lock stack of current Java thread (top to bottom):


---------------  P R O C E S S  ---------------

Threads class SMR info:
_java_thread_list=0x00007ff8be363618, length=0, elements={
}

Java Threads: ( => current thread )
Total: 0

Other Threads:
  0x000001860aaf53c0 WorkerThread "GC Thread#0"                     [id=8124, stack(0x0000008482f00000,0x0000008483000000) (1024K)]
  0x000001860ab08f80 ConcurrentGCThread "G1 Main Marker"            [id=18356, stack(0x0000008483000000,0x0000008483100000) (1024K)]
  0x000001860ab09a90 WorkerThread "G1 Conc#0"                       [id=17124, stack(0x0000008483100000,0x0000008483200000) (1024K)]

[error occurred during error reporting (printing all threads), id 0xc0000005, EXCEPTION_ACCESS_VIOLATION (0xc0000005) at pc=0x00007ff8bdaabfba]
VM state: not at safepoint (not fully initialized)

VM Mutex/Monitor currently owned by a thread:  ([mutex/lock_event])
[0x00007ff8be3e3a10] Heap_lock - owner thread: 0x00000186088c8b30

Heap address: 0x000000008c200000, size: 1854 MB, Compressed Oops mode: 32-bit

CDS archive(s) mapped at: [0x0000000000000000-0x0000000000000000-0x0000000000000000), size 0, SharedBaseAddress: 0x0000000800000000, ArchiveRelocationMode: 1.
Narrow klass base: 0x0000000000000000, Narrow klass shift: 0, Narrow klass range: 0x0

GC Precious Log:
 CardTable entry size: 512
 Card Set container configuration: InlinePtr #cards 5 size 8 Array Of Cards #cards 10 size 36 Howl #buckets 4 coarsen threshold 1843 Howl Bitmap #cards 512 size 80 coarsen threshold 460 Card regions per heap region 1 cards per card region 2048

Heap:
 garbage-first heap   total reserved 1898496K, committed 0K, used 0K [0x000000008c200000, 0x0000000100000000)
  region size 1024K, 0 young (0K), 0 survivors (0K)

[error occurred during error reporting (printing heap information), id 0xc0000005, EXCEPTION_ACCESS_VIOLATION (0xc0000005) at pc=0x00007ff8bdeac3c9]
GC Heap History (0 events):
No events

Dll operation events (1 events):
Event: 0.015 Loaded shared library C:\Program Files\Java\jdk-23\bin\java.dll

Deoptimization events (0 events):
No events

Classes loaded (0 events):
No events

Classes unloaded (0 events):
No events

Classes redefined (0 events):
No events

Internal exceptions (0 events):
No events

VM Operations (0 events):
No events

Memory protections (0 events):
No events

Nmethod flushes (0 events):
No events

Events (0 events):
No events


Dynamic libraries:
0x00007ff68f670000 - 0x00007ff68f680000 	C:\Program Files\Java\jdk-23\bin\java.exe
0x00007ff8fec90000 - 0x00007ff8feea7000 	C:\Windows\SYSTEM32\ntdll.dll
0x00007ff8fd2a0000 - 0x00007ff8fd364000 	C:\Windows\System32\KERNEL32.DLL
0x00007ff8fc180000 - 0x00007ff8fc52d000 	C:\Windows\System32\KERNELBASE.dll
0x00007ff8fc670000 - 0x00007ff8fc781000 	C:\Windows\System32\ucrtbase.dll
0x00007ff8ed870000 - 0x00007ff8ed887000 	C:\Program Files\Java\jdk-23\bin\jli.dll
0x00007ff8f1c50000 - 0x00007ff8f1c6b000 	C:\Program Files\Java\jdk-23\bin\VCRUNTIME140.dll
0x00007ff8fdb30000 - 0x00007ff8fdcde000 	C:\Windows\System32\USER32.dll
0x00007ff8ebc20000 - 0x00007ff8ebeb3000 	C:\Windows\WinSxS\amd64_microsoft.windows.common-controls_6595b64144ccf1df_6.0.22621.3672_none_2713b9d173822955\COMCTL32.dll
0x00007ff8fc150000 - 0x00007ff8fc176000 	C:\Windows\System32\win32u.dll
0x00007ff8fd380000 - 0x00007ff8fd427000 	C:\Windows\System32\msvcrt.dll
0x00007ff8fc9c0000 - 0x00007ff8fc9e9000 	C:\Windows\System32\GDI32.dll
0x00007ff8fc8a0000 - 0x00007ff8fc9b9000 	C:\Windows\System32\gdi32full.dll
0x00007ff8fc800000 - 0x00007ff8fc89a000 	C:\Windows\System32\msvcp_win.dll
0x00007ff8fdce0000 - 0x00007ff8fdd11000 	C:\Windows\System32\IMM32.DLL
0x00007ff8f7d50000 - 0x00007ff8f7d5c000 	C:\Program Files\Java\jdk-23\bin\vcruntime140_1.dll
0x00007ff8d87c0000 - 0x00007ff8d884e000 	C:\Program Files\Java\jdk-23\bin\msvcp140.dll
0x00007ff8bd770000 - 0x00007ff8be4bf000 	C:\Program Files\Java\jdk-23\bin\server\jvm.dll
0x00007ff8fd430000 - 0x00007ff8fd4e2000 	C:\Windows\System32\ADVAPI32.dll
0x00007ff8fd4f0000 - 0x00007ff8fd599000 	C:\Windows\System32\sechost.dll
0x00007ff8fc120000 - 0x00007ff8fc148000 	C:\Windows\System32\bcrypt.dll
0x00007ff8fea50000 - 0x00007ff8feb64000 	C:\Windows\System32\RPCRT4.dll
0x00007ff8febd0000 - 0x00007ff8fec41000 	C:\Windows\System32\WS2_32.dll
0x00007ff8f4490000 - 0x00007ff8f449a000 	C:\Windows\SYSTEM32\VERSION.dll
0x00007ff8fb820000 - 0x00007ff8fb86d000 	C:\Windows\SYSTEM32\POWRPROF.dll
0x00007ff8f7b00000 - 0x00007ff8f7b34000 	C:\Windows\SYSTEM32\WINMM.dll
0x00007ff8fb800000 - 0x00007ff8fb813000 	C:\Windows\SYSTEM32\UMPDC.dll
0x00007ff8fafe0000 - 0x00007ff8faff8000 	C:\Windows\SYSTEM32\kernel.appcore.dll
0x00007ff8f57f0000 - 0x00007ff8f57fa000 	C:\Program Files\Java\jdk-23\bin\jimage.dll
0x00007ff8f5b00000 - 0x00007ff8f5d32000 	C:\Windows\SYSTEM32\DBGHELP.DLL
0x00007ff8fd7a0000 - 0x00007ff8fdb2d000 	C:\Windows\System32\combase.dll
0x00007ff8fd0d0000 - 0x00007ff8fd1a7000 	C:\Windows\System32\OLEAUT32.dll
0x00007ff8e04e0000 - 0x00007ff8e0512000 	C:\Windows\SYSTEM32\dbgcore.DLL
0x00007ff8fc5f0000 - 0x00007ff8fc66b000 	C:\Windows\System32\bcryptPrimitives.dll
0x00007ff8f12a0000 - 0x00007ff8f12af000 	C:\Program Files\Java\jdk-23\bin\instrument.dll
0x00007ff8eccd0000 - 0x00007ff8eccee000 	C:\Program Files\Java\jdk-23\bin\java.dll
0x00007ff8fca50000 - 0x00007ff8fcbf5000 	C:\Windows\System32\ole32.dll
0x00007ff8fe1e0000 - 0x00007ff8fea48000 	C:\Windows\System32\SHELL32.dll

dbghelp: loaded successfully - version: 4.0.5 - missing functions: none
symbol engine: initialized successfully - sym options: 0x614 - pdb path: .;C:\Program Files\Java\jdk-23\bin;C:\Windows\SYSTEM32;C:\Windows\WinSxS\amd64_microsoft.windows.common-controls_6595b64144ccf1df_6.0.22621.3672_none_2713b9d173822955;C:\Program Files\Java\jdk-23\bin\server

VM Arguments:
jvm_args: -javaagent:D:\User\Aadi\Program Files\IntelIJ\IntelliJ IDEA Community Edition 2024.3.5\lib\idea_rt.jar=55152 -Dfile.encoding=UTF-8 -Dsun.stdout.encoding=UTF-8 -Dsun.stderr.encoding=UTF-8 
java_command: net.engineeringdigest.journalApp.JournalApplication
java_class_path (initial): D:\User\Aadi\Chrome Downloads\journalApp\journalApp\target\classes;C:\Users\abhishek\.m2\repository\org\springframework\boot\spring-boot-starter-web\2.7.16\spring-boot-starter-web-2.7.16.jar;C:\Users\abhishek\.m2\repository\org\springframework\boot\spring-boot-starter\2.7.16\spring-boot-starter-2.7.16.jar;C:\Users\abhishek\.m2\repository\org\springframework\boot\spring-boot\2.7.16\spring-boot-2.7.16.jar;C:\Users\abhishek\.m2\repository\org\springframework\boot\spring-boot-autoconfigure\2.7.16\spring-boot-autoconfigure-2.7.16.jar;C:\Users\abhishek\.m2\repository\org\springframework\boot\spring-boot-starter-logging\2.7.16\spring-boot-starter-logging-2.7.16.jar;C:\Users\abhishek\.m2\repository\ch\qos\logback\logback-classic\1.2.12\logback-classic-1.2.12.jar;C:\Users\abhishek\.m2\repository\ch\qos\logback\logback-core\1.2.12\logback-core-1.2.12.jar;C:\Users\abhishek\.m2\repository\org\apache\logging\log4j\log4j-to-slf4j\2.17.2\log4j-to-slf4j-2.17.2.jar;C:\Users\abhishek\.m2\repository\org\apache\logging\log4j\log4j-api\2.17.2\log4j-api-2.17.2.jar;C:\Users\abhishek\.m2\repository\org\slf4j\jul-to-slf4j\1.7.36\jul-to-slf4j-1.7.36.jar;C:\Users\abhishek\.m2\repository\jakarta\annotation\jakarta.annotation-api\1.3.5\jakarta.annotation-api-1.3.5.jar;C:\Users\abhishek\.m2\repository\org\yaml\snakeyaml\1.30\snakeyaml-1.30.jar;C:\Users\abhishek\.m2\repository\org\springframework\boot\spring-boot-starter-json\2.7.16\spring-boot-starter-json-2.7.16.jar;C:\Users\abhishek\.m2\repository\com\fasterxml\jackson\core\jackson-databind\2.13.5\jackson-databind-2.13.5.jar;C:\Users\abhishek\.m2\repository\com\fasterxml\jackson\core\jackson-annotations\2.13.5\jackson-annotations-2.13.5.jar;C:\Users\abhishek\.m2\repository\com\fasterxml\jackson\core\jackson-core\2.13.5\jackson-core-2.13.5.jar;C:\Users\abhishek\.m2\repository\com\fasterxml\jackson\datatype\jackson-datatype-jdk8\2.13.5\jackson-datatype-jdk8-2.13.5.jar;C:\Users\abhishek\.m2\repository\com\fasterxml\jackson\datatype\jackson-datatype-jsr310\2.13.5\jackson-datatype-jsr310-2.13.5.jar;C:\Users\abhishek\.m2\repository\com\fasterxml\jackson\module\jackson-module-parameter-names\2.13.5\jackson-module-parameter-names-2.13.5.jar;C:\Users\abhishek\.m2\repository\org\springframework\boot\spring-boot-starter-tomcat\2.7.16\spring-boot-starter-tomcat-2.7.16.jar;C:\Users\abhishek\.m2\repository\org\apache\tomcat\embed\tomcat-embed-core\9.0.80\tomcat-embed-core-9.0.80.jar;C:\Users\abhishek\.m2\repository\org\apache\tomcat\embed\tomcat-embed-el\9.0.80\tomcat-embed-el-9.0.80.jar;C:\Users\abhishek\.m2\repository\org\apache\tomcat\embed\tomcat-embed-websocket\9.0.80\tomcat-embed-websocket-9.0.80.jar;C:\Users\abhishek\.m2\repository\org\springframework\spring-web\5.3.30\spring-web-5.3.30.jar;C:\Users\abhishek\.m2\repository\org\springframework\spring-beans\5.3.30\spring-beans-5.3.30.jar;C:\Users\abhishek\.m2\repository\org\springframework\spring-webmvc\5.3.30\spring-webmvc-5.3.30.jar;C:\Users\abhishek\.m2\repository\org\springframework\spring-context\5.3.30\spring-context-5.3.30.jar;C:\Users\abhishek\.m2\repository\org\springframework\spring-expression\5.3.30\spring-expression-5.3.30.jar;C:\Users\abhishek\.m2\repository\org\slf4j\slf4j-api\1.7.36\slf4j-api-1.7.36.jar;C:\Users\abhishek\.m2\repository\org\springframework\spring-core\5.3.30\spring-core-5.3.30.jar;C:\Users\abhishek\.m2\repository\org\springframework\spring-jcl\5.3.30\spring-jcl-5.3.30.jar;C:\Users\abhishek\.m2\repository\org\springframework\boot\spring-boot-starter-data-mongodb\2.7.16\spring-boot-starter-data-mongodb-2.7.16.jar;C:\Users\abhishek\.m2\repository\org\mongodb\mongodb-driver-sync\4.6.1\mongodb-driver-sync-4.6.1.jar;C:\Users\abhishek\.m2\repository\org\mongodb\bson\4.6.1\bson-4.6.1.jar;C:\Users\abhishek\.m2\repository\org\mongodb\mongodb-driver-core\4.6.1\mongodb-driver-core-4.6.1.jar;C:\Users\abhishek\.m2\repository\org\mongodb\bson-record-codec\4.6.1\bson-record-codec-4.6.1.jar;C:\Users\abhishek\.m2\repository\org\springframework\data\spring-data-mongodb\3.4.16\spring-data-mongodb-3.4.16.jar;C:\Users\abhishek\.m2\repository\org\springframework\spring-tx\5.3.30\spring-tx-5.3.30.jar;C:\Users\abhishek\.m2\repository\org\springframework\data\spring-data-commons\2.7.16\spring-data-commons-2.7.16.jar;C:\Users\abhishek\.m2\repository\org\springframework\boot\spring-boot-starter-security\2.7.16\spring-boot-starter-security-2.7.16.jar;C:\Users\abhishek\.m2\repository\org\springframework\spring-aop\5.3.30\spring-aop-5.3.30.jar;C:\Users\abhishek\.m2\repository\org\springframework\security\spring-security-config\5.7.11\spring-security-config-5.7.11.jar;C:\Users\abhishek\.m2\repository\org\springframework\security\spring-security-core\5.7.11\spring-security-core-5.7.11.jar;C:\Users\abhishek\.m2\repository\org\springframework\security\spring-security-crypto\5.7.11\spring-security-crypto-5.7.11.jar;C:\Users\abhishek\.m2\repository\org\springframework\security\spring-security-web\5.7.11\spring-security-web-5.7.11.jar
Launcher Type: SUN_STANDARD

[Global flags]
     intx CICompilerCount                          = 4                                         {product} {ergonomic}
     uint ConcGCThreads                            = 2                                         {product} {ergonomic}
     uint G1ConcRefinementThreads                  = 8                                         {product} {ergonomic}
   size_t G1HeapRegionSize                         = 1048576                                   {product} {ergonomic}
   size_t InitialHeapSize                          = 121634816                                 {product} {ergonomic}
   size_t MarkStackSize                            = 4194304                                   {product} {ergonomic}
   size_t MarkStackSizeMax                         = 536870912                                 {product} {ergonomic}
   size_t MaxHeapSize                              = 1944059904                                {product} {ergonomic}
   size_t MinHeapDeltaBytes                        = 1048576                                   {product} {ergonomic}
   size_t MinHeapSize                              = 8388608                                   {product} {ergonomic}
    uintx NonNMethodCodeHeapSize                   = 5832704                                {pd product} {ergonomic}
    uintx NonProfiledCodeHeapSize                  = 122945536                              {pd product} {ergonomic}
    uintx ProfiledCodeHeapSize                     = 122880000                              {pd product} {ergonomic}
    uintx ReservedCodeCacheSize                    = 251658240                              {pd product} {ergonomic}
     bool SegmentedCodeCache                       = true                                      {product} {ergonomic}
   size_t SoftMaxHeapSize                          = 1944059904                             {manageable} {ergonomic}
     bool UseCompressedOops                        = true                           {product lp64_product} {ergonomic}
     bool UseG1GC                                  = true                                      {product} {ergonomic}
     bool UseLargePagesIndividualAllocation        = false                                  {pd product} {ergonomic}

Logging:
Log output configuration:
 #0: stdout all=warning uptime,level,tags foldmultilines=false
 #1: stderr all=off uptime,level,tags foldmultilines=false

Environment Variables:
JAVA_HOME=C:\Program Files\Java\jdk-23
PATH=C:\Program Files\Common Files\Oracle\Java\javapath;C:\Windows\system32;C:\Windows;C:\Windows\System32\Wbem;C:\Windows\System32\WindowsPowerShell\v1.0\;C:\Windows\System32\OpenSSH\;C:\MinGW\bin;C:\Program Files\jdk-23.0.2\bin;C:\Program Files\Java\jdk-23\bin;C:\Program Files\Git\cmd;C:\Program Files\Maven\apache-maven-3.9.9\bin;C:\data\db;C:\Program Files\MongoDB\Server\8.0\bin;D:\MongoDb\mongosh-2.4.2-win32-x64\bin;C:\Users\abhishek\AppData\Local\Programs\Python\Python312\Scripts\;C:\Users\abhishek\AppData\Local\Programs\Python\Python312\;C:\Users\abhishek\AppData\Local\Microsoft\WindowsApps;C:\Users\abhishek\AppData\Local\GitHubDesktop\bin;C:\Users\abhishek\AppData\Local\Programs\Microsoft VS Code\bin;D:\IntelliJ IDEA 2024.3.5\bin;;D:\User\Aadi\Program Files\IntelIJ\IntelliJ IDEA Community Edition 2024.3.5\bin;
USERNAME=Aadi
OS=Windows_NT
PROCESSOR_IDENTIFIER=AMD64 Family 23 Model 160 Stepping 0, AuthenticAMD
TMP=C:\Users\abhishek\AppData\Local\Temp
TEMP=C:\Users\abhishek\AppData\Local\Temp




Periodic native trim disabled

---------------  S Y S T E M  ---------------

OS:
 Windows 11 , 64 bit Build 22621 (10.0.22621.3958)
OS uptime: 0 days 7:57 hours
Hyper-V role detected

CPU: total 8 (initial active 8) (8 cores per cpu, 2 threads per core) family 23 model 160 stepping 0 microcode 0x0, cx8, cmov, fxsr, ht, mmx, 3dnowpref, sse, sse2, sse3, ssse3, sse4a, sse4.1, sse4.2, popcnt, lzcnt, tsc, tscinvbit, avx, avx2, aes, clmul, bmi1, bmi2, adx, sha, fma, vzeroupper, clflush, clflushopt, hv, rdtscp, rdpid, f16c
Processor Information for the first 8 processors :
  Max Mhz: 2401, Current Mhz: 2401, Mhz Limit: 2401

Memory: 4k page, system-wide physical 7413M (575M free)
TotalPageFile size 10485M (AvailPageFile size 46M)
current process WorkingSet (physical memory assigned to process): 12M, peak: 12M
current process commit charge ("private bytes"): 61M, peak: 176M

vm_info: Java HotSpot(TM) 64-Bit Server VM (23.0.1+11-39) for windows-amd64 JRE (23.0.1+11-39), built on 2024-09-30T07:20:43Z with MS VC++ 17.6 (VS2022)

END.
