#
# There is insufficient memory for the Java Runtime Environment to continue.
# Native memory allocation (malloc) failed to allocate 618480 bytes. Error detail: Chunk::new
# Possible reasons:
#   The system is out of physical RAM or swap space
#   This process is running with CompressedOops enabled, and the Java Heap may be blocking the growth of the native heap
# Possible solutions:
#   Reduce memory load on the system
#   Increase physical memory or swap space
#   Check if swap backing store is full
#   Decrease Java heap size (-Xmx/-Xms)
#   Decrease number of Java threads
#   Decrease Java thread stack sizes (-Xss)
#   Set larger code cache with -XX:ReservedCodeCacheSize=
#   JVM is running with Unscaled Compressed Oops mode in which the Java heap is
#     placed in the first 4GB address space. The Java Heap base address is the
#     maximum limit for the native heap growth. Please use -XX:HeapBaseMinAddress
#     to set the Java Heap base and to place the Java Heap above 4GB virtual address.
# This output file may be truncated or incomplete.
#
#  Out of Memory Error (arena.cpp:149), pid=14132, tid=10472
#
# JRE version: Java(TM) SE Runtime Environment (23.0.1+11) (build 23.0.1+11-39)
# Java VM: Java HotSpot(TM) 64-Bit Server VM (23.0.1+11-39, mixed mode, sharing, tiered, compressed oops, compressed class ptrs, g1 gc, windows-amd64)
# No core dump will be written. Minidumps are not enabled by default on client versions of Windows
#

---------------  S U M M A R Y ------------

Command Line: -javaagent:D:\User\Aadi\Program Files\IntelIJ\IntelliJ IDEA Community Edition 2024.3.5\lib\idea_rt.jar=52464 -Dfile.encoding=UTF-8 -Dsun.stdout.encoding=UTF-8 -Dsun.stderr.encoding=UTF-8 net.engineeringdigest.journalApp.JournalApplication

Host: AMD Ryzen 3 7320U with Radeon Graphics         , 8 cores, 7G,  Windows 11 , 64 bit Build 22621 (10.0.22621.3958)
Time: Fri Apr 11 21:23:29 2025 India Standard Time elapsed time: 8.180419 seconds (0d 0h 0m 8s)

---------------  T H R E A D  ---------------

Current thread (0x000001bf1cfd89b0):  JavaThread "C2 CompilerThread0" daemon [_thread_in_native, id=10472, stack(0x0000002cddb00000,0x0000002cddc00000) (1024K)]


Current CompileTask:
C2:8180 5323       4       java.lang.Class::getMethodsRecursive (104 bytes)

Stack: [0x0000002cddb00000,0x0000002cddc00000]
Native frames: (J=compiled Java code, j=interpreted, Vv=VM code, C=native code)
V  [jvm.dll+0x6e08b9]  (no source info available)
V  [jvm.dll+0x87dc83]  (no source info available)
V  [jvm.dll+0x88010e]  (no source info available)
V  [jvm.dll+0x8807e3]  (no source info available)
V  [jvm.dll+0x27aee6]  (no source info available)
V  [jvm.dll+0xbc06f]  (no source info available)
V  [jvm.dll+0xbc2cb]  (no source info available)
V  [jvm.dll+0x3b3a9c]  (no source info available)
V  [jvm.dll+0x1dc39e]  (no source info available)
V  [jvm.dll+0x244be5]  (no source info available)
V  [jvm.dll+0x243dff]  (no source info available)
V  [jvm.dll+0x1c33a0]  (no source info available)
V  [jvm.dll+0x253cf1]  (no source info available)
V  [jvm.dll+0x251faa]  (no source info available)
V  [jvm.dll+0x3ee036]  (no source info available)
V  [jvm.dll+0x824f8b]  (no source info available)
V  [jvm.dll+0x6df065]  (no source info available)
C  [ucrtbase.dll+0x29333]  (no source info available)
C  [KERNEL32.DLL+0x1257d]  (no source info available)
C  [ntdll.dll+0x5af28]  (no source info available)

Lock stack of current Java thread (top to bottom):


---------------  P R O C E S S  ---------------

Threads class SMR info:
_java_thread_list=0x000001bf64e61c00, length=27, elements={
0x000001bf7fd92dd0, 0x000001bf1cfcd9c0, 0x000001bf1cfd0890, 0x000001bf1cfd2ce0,
0x000001bf1cfd3740, 0x000001bf1cfd51b0, 0x000001bf1cfd5c10, 0x000001bf1cfd89b0,
0x000001bf1cfe55c0, 0x000001bf1d0e8020, 0x000001bf1d2e1cd0, 0x000001bf1d4c05b0,
0x000001bf64e16d60, 0x000001bf64e173d0, 0x000001bf639d6ae0, 0x000001bf63806b30,
0x000001bf63807850, 0x000001bf63808570, 0x000001bf638071c0, 0x000001bf63808c00,
0x000001bf63809290, 0x000001bf638064a0, 0x000001bf63805e10, 0x000001bf6443a810,
0x000001bf6443e9b0, 0x000001bf64439af0, 0x000001bf6443f040
}

Java Threads: ( => current thread )
  0x000001bf7fd92dd0 JavaThread "main"                              [_thread_in_vm, id=15416, stack(0x0000002cdcd00000,0x0000002cdce00000) (1024K)]
  0x000001bf1cfcd9c0 JavaThread "Reference Handler"          daemon [_thread_blocked, id=16616, stack(0x0000002cdd500000,0x0000002cdd600000) (1024K)]
  0x000001bf1cfd0890 JavaThread "Finalizer"                  daemon [_thread_blocked, id=1120, stack(0x0000002cdd600000,0x0000002cdd700000) (1024K)]
  0x000001bf1cfd2ce0 JavaThread "Signal Dispatcher"          daemon [_thread_blocked, id=13452, stack(0x0000002cdd700000,0x0000002cdd800000) (1024K)]
  0x000001bf1cfd3740 JavaThread "Attach Listener"            daemon [_thread_blocked, id=11168, stack(0x0000002cdd800000,0x0000002cdd900000) (1024K)]
  0x000001bf1cfd51b0 JavaThread "Service Thread"             daemon [_thread_blocked, id=14760, stack(0x0000002cdd900000,0x0000002cdda00000) (1024K)]
  0x000001bf1cfd5c10 JavaThread "Monitor Deflation Thread"   daemon [_thread_blocked, id=15176, stack(0x0000002cdda00000,0x0000002cddb00000) (1024K)]
=>0x000001bf1cfd89b0 JavaThread "C2 CompilerThread0"         daemon [_thread_in_native, id=10472, stack(0x0000002cddb00000,0x0000002cddc00000) (1024K)]
  0x000001bf1cfe55c0 JavaThread "C1 CompilerThread0"         daemon [_thread_blocked, id=16800, stack(0x0000002cddc00000,0x0000002cddd00000) (1024K)]
  0x000001bf1d0e8020 JavaThread "Common-Cleaner"             daemon [_thread_blocked, id=1408, stack(0x0000002cddd00000,0x0000002cdde00000) (1024K)]
  0x000001bf1d2e1cd0 JavaThread "Monitor Ctrl-Break"         daemon [_thread_in_native, id=10628, stack(0x0000002cddf00000,0x0000002cde000000) (1024K)]
  0x000001bf1d4c05b0 JavaThread "Notification Thread"        daemon [_thread_blocked, id=12804, stack(0x0000002cde000000,0x0000002cde100000) (1024K)]
  0x000001bf64e16d60 JavaThread "Catalina-utility-1"                [_thread_blocked, id=1332, stack(0x0000002cde900000,0x0000002cdea00000) (1024K)]
  0x000001bf64e173d0 JavaThread "Catalina-utility-2"                [_thread_blocked, id=12056, stack(0x0000002cdea00000,0x0000002cdeb00000) (1024K)]
  0x000001bf639d6ae0 JavaThread "container-0"                       [_thread_blocked, id=17064, stack(0x0000002cdeb00000,0x0000002cdec00000) (1024K)]
  0x000001bf63806b30 JavaThread "Jndi-Dns-address-change-listener" daemon [_thread_in_native, id=10112, stack(0x0000002cdec00000,0x0000002cded00000) (1024K)]
  0x000001bf63807850 JavaThread "BufferPoolPruner-1-thread-1" daemon [_thread_blocked, id=4844, stack(0x0000002cdde00000,0x0000002cddf00000) (1024K)]
  0x000001bf63808570 JavaThread "cluster-ClusterId{value='67f93af5b2873c3295c566b4', description='null'}-srv-cluster0.pgsv6jp.mongodb.net" daemon [_thread_blocked, id=14464, stack(0x0000002cded00000,0x0000002cdee00000) (1024K)]
  0x000001bf638071c0 JavaThread "cluster-ClusterId{value='67f93af5b2873c3295c566b4', description='null'}-ac-s2uibgb-shard-00-01.pgsv6jp.mongodb.net:27017" daemon [_thread_in_native, id=17500, stack(0x0000002cdee00000,0x0000002cdef00000) (1024K)]
  0x000001bf63808c00 JavaThread "cluster-rtt-ClusterId{value='67f93af5b2873c3295c566b4', description='null'}-ac-s2uibgb-shard-00-01.pgsv6jp.mongodb.net:27017" daemon [_thread_blocked, id=17504, stack(0x0000002cdef00000,0x0000002cdf000000) (1024K)]
  0x000001bf63809290 JavaThread "cluster-ClusterId{value='67f93af5b2873c3295c566b4', description='null'}-ac-s2uibgb-shard-00-00.pgsv6jp.mongodb.net:27017" daemon [_thread_in_native, id=17508, stack(0x0000002cdf000000,0x0000002cdf100000) (1024K)]
  0x000001bf638064a0 JavaThread "cluster-rtt-ClusterId{value='67f93af5b2873c3295c566b4', description='null'}-ac-s2uibgb-shard-00-00.pgsv6jp.mongodb.net:27017" daemon [_thread_blocked, id=17512, stack(0x0000002cdf100000,0x0000002cdf200000) (1024K)]
  0x000001bf63805e10 JavaThread "cluster-ClusterId{value='67f93af5b2873c3295c566b4', description='null'}-ac-s2uibgb-shard-00-02.pgsv6jp.mongodb.net:27017" daemon [_thread_in_native, id=17516, stack(0x0000002cdf200000,0x0000002cdf300000) (1024K)]
  0x000001bf6443a810 JavaThread "cluster-rtt-ClusterId{value='67f93af5b2873c3295c566b4', description='null'}-ac-s2uibgb-shard-00-02.pgsv6jp.mongodb.net:27017" daemon [_thread_blocked, id=17520, stack(0x0000002cdf300000,0x0000002cdf400000) (1024K)]
  0x000001bf6443e9b0 JavaThread "MaintenanceTimer-4-thread-1" daemon [_thread_blocked, id=17632, stack(0x0000002cdf500000,0x0000002cdf600000) (1024K)]
  0x000001bf64439af0 JavaThread "MaintenanceTimer-2-thread-1" daemon [_thread_blocked, id=17636, stack(0x0000002cdf600000,0x0000002cdf700000) (1024K)]
  0x000001bf6443f040 JavaThread "MaintenanceTimer-3-thread-1" daemon [_thread_blocked, id=17640, stack(0x0000002cdf700000,0x0000002cdf800000) (1024K)]
Total: 27

Other Threads:
  0x000001bf1cfb4b40 VMThread "VM Thread"                           [id=13476, stack(0x0000002cdd400000,0x0000002cdd500000) (1024K)]
  0x000001bf1cfa36d0 WatcherThread "VM Periodic Task Thread"        [id=17104, stack(0x0000002cdd300000,0x0000002cdd400000) (1024K)]
  0x000001bf7fde5730 WorkerThread "GC Thread#0"                     [id=7712, stack(0x0000002cdce00000,0x0000002cdcf00000) (1024K)]
  0x000001bf63110ce0 WorkerThread "GC Thread#1"                     [id=15116, stack(0x0000002cde100000,0x0000002cde200000) (1024K)]
  0x000001bf631504c0 WorkerThread "GC Thread#2"                     [id=17356, stack(0x0000002cde200000,0x0000002cde300000) (1024K)]
  0x000001bf63150c80 WorkerThread "GC Thread#3"                     [id=16932, stack(0x0000002cde300000,0x0000002cde400000) (1024K)]
  0x000001bf63151030 WorkerThread "GC Thread#4"                     [id=6396, stack(0x0000002cde400000,0x0000002cde500000) (1024K)]
  0x000001bf631517e0 WorkerThread "GC Thread#5"                     [id=14064, stack(0x0000002cde500000,0x0000002cde600000) (1024K)]
  0x000001bf63153ba0 WorkerThread "GC Thread#6"                     [id=16412, stack(0x0000002cde600000,0x0000002cde700000) (1024K)]
  0x000001bf631547c0 WorkerThread "GC Thread#7"                     [id=16272, stack(0x0000002cde700000,0x0000002cde800000) (1024K)]
  0x000001bf7fdfab00 ConcurrentGCThread "G1 Main Marker"            [id=13384, stack(0x0000002cdcf00000,0x0000002cdd000000) (1024K)]
  0x000001bf7fdfb610 WorkerThread "G1 Conc#0"                       [id=2628, stack(0x0000002cdd000000,0x0000002cdd100000) (1024K)]
  0x000001bf63996950 WorkerThread "G1 Conc#1"                       [id=11820, stack(0x0000002cde800000,0x0000002cde900000) (1024K)]
  0x000001bf7fe3ea60 ConcurrentGCThread "G1 Refine#0"               [id=10432, stack(0x0000002cdd100000,0x0000002cdd200000) (1024K)]
  0x000001bf1ce79820 ConcurrentGCThread "G1 Service"                [id=13392, stack(0x0000002cdd200000,0x0000002cdd300000) (1024K)]
Total: 15

Threads with active compile tasks:
C2 CompilerThread0  8277 5323       4       java.lang.Class::getMethodsRecursive (104 bytes)
Total: 1

VM state: not at safepoint (normal execution)

VM Mutex/Monitor currently owned by a thread: None

Heap address: 0x000000008c200000, size: 1854 MB, Compressed Oops mode: 32-bit

CDS archive(s) mapped at: [0x000001bf1e000000-0x000001bf1ed70000-0x000001bf1ed70000), size 14090240, SharedBaseAddress: 0x000001bf1e000000, ArchiveRelocationMode: 1.
Compressed class space mapped at: 0x000001bf1f000000-0x000001bf5f000000, reserved size: 1073741824
Narrow klass base: 0x000001bf1e000000, Narrow klass shift: 0, Narrow klass range: 0x41000000

GC Precious Log:
 CardTable entry size: 512
 Card Set container configuration: InlinePtr #cards 5 size 8 Array Of Cards #cards 10 size 36 Howl #buckets 4 coarsen threshold 1843 Howl Bitmap #cards 512 size 80 coarsen threshold 460 Card regions per heap region 1 cards per card region 2048
 CPUs: 8 total, 8 available
 Memory: 7413M
 Large Page Support: Disabled
 NUMA Support: Disabled
 Compressed Oops: Enabled (32-bit)
 Heap Region Size: 1M
 Heap Min Capacity: 8M
 Heap Initial Capacity: 116M
 Heap Max Capacity: 1854M
 Pre-touch: Disabled
 Parallel Workers: 8
 Concurrent Workers: 2
 Concurrent Refinement Workers: 8
 Periodic GC: Disabled

Heap:
 garbage-first heap   total reserved 1898496K, committed 37888K, used 22933K [0x000000008c200000, 0x0000000100000000)
  region size 1024K, 4 young (4096K), 2 survivors (2048K)
 Metaspace       used 43266K, committed 43648K, reserved 1114112K
  class space    used 5647K, committed 5824K, reserved 1048576K

Heap Regions: E=young(eden), S=young(survivor), O=old, HS=humongous(starts), HC=humongous(continues), CS=collection set, F=free, TAMS=top-at-mark-start, PB=parsable bottom
|   0|0x000000008c200000, 0x000000008c300000, 0x000000008c300000|100%| O|  |TAMS 0x000000008c200000| PB 0x000000008c200000| Untracked |  0
|   1|0x000000008c300000, 0x000000008c400000, 0x000000008c400000|100%| O|  |TAMS 0x000000008c300000| PB 0x000000008c300000| Untracked |  0
|   2|0x000000008c400000, 0x000000008c500000, 0x000000008c500000|100%| O|  |TAMS 0x000000008c400000| PB 0x000000008c400000| Untracked |  0
|   3|0x000000008c500000, 0x000000008c600000, 0x000000008c600000|100%| O|  |TAMS 0x000000008c500000| PB 0x000000008c500000| Untracked |  0
|   4|0x000000008c600000, 0x000000008c700000, 0x000000008c700000|100%| O|  |TAMS 0x000000008c600000| PB 0x000000008c600000| Untracked |  0
|   5|0x000000008c700000, 0x000000008c800000, 0x000000008c800000|100%| O|  |TAMS 0x000000008c700000| PB 0x000000008c700000| Untracked |  0
|   6|0x000000008c800000, 0x000000008c900000, 0x000000008c900000|100%| O|  |TAMS 0x000000008c800000| PB 0x000000008c800000| Untracked |  0
|   7|0x000000008c900000, 0x000000008ca00000, 0x000000008ca00000|100%| O|  |TAMS 0x000000008c900000| PB 0x000000008c900000| Untracked |  0
|   8|0x000000008ca00000, 0x000000008cb00000, 0x000000008cb00000|100%| O|  |TAMS 0x000000008ca00000| PB 0x000000008ca00000| Untracked |  0
|   9|0x000000008cb00000, 0x000000008cb7f8f0, 0x000000008cc00000| 49%| O|  |TAMS 0x000000008cb00000| PB 0x000000008cb00000| Untracked |  0
|  10|0x000000008cc00000, 0x000000008cd00000, 0x000000008cd00000|100%| O|  |TAMS 0x000000008cc00000| PB 0x000000008cc00000| Untracked |  0
|  11|0x000000008cd00000, 0x000000008ce00000, 0x000000008ce00000|100%| O|Cm|TAMS 0x000000008cd00000| PB 0x000000008cd00000| Complete |  0
|  12|0x000000008ce00000, 0x000000008cf00000, 0x000000008cf00000|100%| O|  |TAMS 0x000000008ce00000| PB 0x000000008ce00000| Untracked |  0
|  13|0x000000008cf00000, 0x000000008d000000, 0x000000008d000000|100%| O|  |TAMS 0x000000008cf00000| PB 0x000000008cf00000| Untracked |  0
|  14|0x000000008d000000, 0x000000008d100000, 0x000000008d100000|100%| O|  |TAMS 0x000000008d000000| PB 0x000000008d000000| Untracked |  0
|  15|0x000000008d100000, 0x000000008d200000, 0x000000008d200000|100%| O|  |TAMS 0x000000008d100000| PB 0x000000008d100000| Untracked |  0
|  16|0x000000008d200000, 0x000000008d300000, 0x000000008d300000|100%| O|  |TAMS 0x000000008d200000| PB 0x000000008d200000| Untracked |  0
|  17|0x000000008d300000, 0x000000008d400000, 0x000000008d400000|100%| O|  |TAMS 0x000000008d300000| PB 0x000000008d300000| Untracked |  0
|  18|0x000000008d400000, 0x000000008d500000, 0x000000008d500000|100%| O|  |TAMS 0x000000008d400000| PB 0x000000008d400000| Untracked |  0
|  19|0x000000008d500000, 0x000000008d500000, 0x000000008d600000|  0%| F|  |TAMS 0x000000008d500000| PB 0x000000008d500000| Untracked |  0
|  20|0x000000008d600000, 0x000000008d600000, 0x000000008d700000|  0%| F|  |TAMS 0x000000008d600000| PB 0x000000008d600000| Untracked |  0
|  21|0x000000008d700000, 0x000000008d800000, 0x000000008d800000|100%| O|  |TAMS 0x000000008d700000| PB 0x000000008d700000| Untracked |  0
|  22|0x000000008d800000, 0x000000008d800000, 0x000000008d900000|  0%| F|  |TAMS 0x000000008d800000| PB 0x000000008d800000| Untracked |  0
|  23|0x000000008d900000, 0x000000008d900000, 0x000000008da00000|  0%| F|  |TAMS 0x000000008d900000| PB 0x000000008d900000| Untracked |  0
|  24|0x000000008da00000, 0x000000008da00000, 0x000000008db00000|  0%| F|  |TAMS 0x000000008da00000| PB 0x000000008da00000| Untracked |  0
|  25|0x000000008db00000, 0x000000008db00000, 0x000000008dc00000|  0%| F|  |TAMS 0x000000008db00000| PB 0x000000008db00000| Untracked |  0
|  26|0x000000008dc00000, 0x000000008dc00000, 0x000000008dd00000|  0%| F|  |TAMS 0x000000008dc00000| PB 0x000000008dc00000| Untracked |  0
|  27|0x000000008dd00000, 0x000000008dd00000, 0x000000008de00000|  0%| F|  |TAMS 0x000000008dd00000| PB 0x000000008dd00000| Untracked |  0
|  28|0x000000008de00000, 0x000000008dee5b30, 0x000000008df00000| 89%| S|CS|TAMS 0x000000008de00000| PB 0x000000008de00000| Complete |  0
|  29|0x000000008df00000, 0x000000008e000000, 0x000000008e000000|100%| S|CS|TAMS 0x000000008df00000| PB 0x000000008df00000| Complete |  0
|  30|0x000000008e000000, 0x000000008e000000, 0x000000008e100000|  0%| F|  |TAMS 0x000000008e000000| PB 0x000000008e000000| Untracked |  0
|  31|0x000000008e100000, 0x000000008e100000, 0x000000008e200000|  0%| F|  |TAMS 0x000000008e100000| PB 0x000000008e100000| Untracked |  0
|  70|0x0000000090800000, 0x0000000090800000, 0x0000000090900000|  0%| F|  |TAMS 0x0000000090800000| PB 0x0000000090800000| Untracked |  0
|  71|0x0000000090900000, 0x0000000090900000, 0x0000000090a00000|  0%| F|  |TAMS 0x0000000090900000| PB 0x0000000090900000| Untracked |  0
|  72|0x0000000090a00000, 0x0000000090a00000, 0x0000000090b00000|  0%| F|  |TAMS 0x0000000090a00000| PB 0x0000000090a00000| Untracked |  0
|  73|0x0000000090b00000, 0x0000000090b1eff8, 0x0000000090c00000| 12%| E|  |TAMS 0x0000000090b00000| PB 0x0000000090b00000| Complete |  0
| 115|0x0000000093500000, 0x0000000093600000, 0x0000000093600000|100%| E|CS|TAMS 0x0000000093500000| PB 0x0000000093500000| Complete |  0

Card table byte_map: [0x000001bf18470000,0x000001bf18810000] _byte_map_base: 0x000001bf1800f000

Marking Bits: (CMBitMap*) 0x000001bf7fde5e40
 Bits: [0x000001bf18810000, 0x000001bf1a508000)

Polling page: 0x000001bf7e570000

Metaspace:

Usage:
  Non-class:     36.75 MB used.
      Class:      5.51 MB used.
       Both:     42.26 MB used.

Virtual space:
  Non-class space:       64.00 MB reserved,      37.00 MB ( 58%) committed,  1 nodes.
      Class space:        1.00 GB reserved,       5.69 MB ( <1%) committed,  1 nodes.
             Both:        1.06 GB reserved,      42.69 MB (  4%) committed. 

Chunk freelists:
   Non-Class:  10.92 MB
       Class:  10.12 MB
        Both:  21.05 MB

MaxMetaspaceSize: unlimited
CompressedClassSpaceSize: 1.00 GB
Initial GC threshold: 21.00 MB
Current GC threshold: 69.31 MB
CDS: on
 - commit_granule_bytes: 65536.
 - commit_granule_words: 8192.
 - virtual_space_node_default_size: 8388608.
 - enlarge_chunks_in_place: 1.
 - use_allocation_guard: 0.


Internal statistics:

num_allocs_failed_limit: 6.
num_arena_births: 496.
num_arena_deaths: 0.
num_vsnodes_births: 2.
num_vsnodes_deaths: 0.
num_space_committed: 683.
num_space_uncommitted: 0.
num_chunks_returned_to_freelist: 6.
num_chunks_taken_from_freelist: 1753.
num_chunk_merges: 0.
num_chunk_splits: 1206.
num_chunks_enlarged: 980.
num_inconsistent_stats: 0.

CodeHeap 'non-profiled nmethods': size=120064Kb used=1685Kb max_used=1815Kb free=118379Kb
 bounds [0x000001bf10130000, 0x000001bf103a0000, 0x000001bf17670000]
CodeHeap 'profiled nmethods': size=120000Kb used=7189Kb max_used=7391Kb free=112810Kb
 bounds [0x000001bf08670000, 0x000001bf08db0000, 0x000001bf0fba0000]
CodeHeap 'non-nmethods': size=5696Kb used=1565Kb max_used=1605Kb free=4130Kb
 bounds [0x000001bf0fba0000, 0x000001bf0fe10000, 0x000001bf10130000]
CodeCache: size=245760Kb, used=10439Kb, max_used=10811Kb, free=235319Kb
 total_blobs=5348, nmethods=4711, adapters=542, full_count=0
Compilation: enabled, stopped_count=0, restarted_count=0

Compilation events (20 events):
Event: 8.119 Thread 0x000001bf1cfe55c0 5368       3       org.springframework.core.MethodParameter::getGenericParameterType (147 bytes)
Event: 8.122 Thread 0x000001bf1cfe55c0 nmethod 5368 0x000001bf08b37c08 code [0x000001bf08b37f40, 0x000001bf08b39b48]
Event: 8.122 Thread 0x000001bf1cfe55c0 5370   !   3       jdk.proxy2.$Proxy2::annotationType (28 bytes)
Event: 8.122 Thread 0x000001bf1cfe55c0 nmethod 5370 0x000001bf0896d288 code [0x000001bf0896d3e0, 0x000001bf0896d7c0]
Event: 8.122 Thread 0x000001bf1cfe55c0 5369       3       org.springframework.boot.context.properties.ConfigurationPropertiesBean::findMergedAnnotation (24 bytes)
Event: 8.123 Thread 0x000001bf1cfe55c0 nmethod 5369 0x000001bf088a2208 code [0x000001bf088a23c0, 0x000001bf088a2ac0]
Event: 8.123 Thread 0x000001bf1cfe55c0 5371       3       java.lang.ReflectiveOperationException::<init> (6 bytes)
Event: 8.123 Thread 0x000001bf1cfe55c0 nmethod 5371 0x000001bf08725588 code [0x000001bf087256c0, 0x000001bf08725858]
Event: 8.125 Thread 0x000001bf1cfe55c0 5372       3       jdk.internal.reflect.DirectMethodHandleAccessor::invokeImpl (108 bytes)
Event: 8.127 Thread 0x000001bf1cfe55c0 nmethod 5372 0x000001bf0870b808 code [0x000001bf0870bb20, 0x000001bf0870d340]
Event: 8.127 Thread 0x000001bf1cfe55c0 5373       3       jdk.internal.reflect.DirectMethodHandleAccessor::checkArgumentCount (53 bytes)
Event: 8.127 Thread 0x000001bf1cfe55c0 nmethod 5373 0x000001bf08c8a988 code [0x000001bf08c8ab60, 0x000001bf08c8b310]
Event: 8.127 Thread 0x000001bf1cfe55c0 5374   !   3       jdk.internal.reflect.DirectMethodHandleAccessor::invoke (92 bytes)
Event: 8.130 Thread 0x000001bf1cfe55c0 nmethod 5374 0x000001bf08821888 code [0x000001bf08821ca0, 0x000001bf08823ce0]
Event: 8.130 Thread 0x000001bf1cfe55c0 5376       3       org.springframework.core.SerializableTypeWrapper$TypeProxyInvocationHandler::invoke (324 bytes)
Event: 8.133 Thread 0x000001bf1cfe55c0 nmethod 5376 0x000001bf08b40788 code [0x000001bf08b40c80, 0x000001bf08b43690]
Event: 8.134 Thread 0x000001bf1cfe55c0 5375       3       jdk.internal.reflect.DirectMethodHandleAccessor::isStatic (20 bytes)
Event: 8.134 Thread 0x000001bf1cfe55c0 nmethod 5375 0x000001bf08771308 code [0x000001bf08771420, 0x000001bf08771588]
Event: 8.176 Thread 0x000001bf1cfe55c0 5377   !   3       org.springframework.core.annotation.AnnotationsScanner::processClassHierarchy (227 bytes)
Event: 8.178 Thread 0x000001bf1cfe55c0 nmethod 5377 0x000001bf08a81708 code [0x000001bf08a81980, 0x000001bf08a82650]

GC Heap History (20 events):
Event: 2.009 GC heap before
{Heap before GC invocations=1 (full 0):
 garbage-first heap   total reserved 1898496K, committed 118784K, used 26368K [0x000000008c200000, 0x0000000100000000)
  region size 1024K, 24 young (24576K), 3 survivors (3072K)
 Metaspace       used 14646K, committed 14784K, reserved 1114112K
  class space    used 1784K, committed 1856K, reserved 1048576K
}
Event: 2.013 GC heap after
{Heap after GC invocations=2 (full 0):
 garbage-first heap   total reserved 1898496K, committed 118784K, used 7525K [0x000000008c200000, 0x0000000100000000)
  region size 1024K, 2 young (2048K), 2 survivors (2048K)
 Metaspace       used 14646K, committed 14784K, reserved 1114112K
  class space    used 1784K, committed 1856K, reserved 1048576K
}
Event: 3.303 GC heap before
{Heap before GC invocations=2 (full 0):
 garbage-first heap   total reserved 1898496K, committed 118784K, used 47461K [0x000000008c200000, 0x0000000100000000)
  region size 1024K, 42 young (43008K), 2 survivors (2048K)
 Metaspace       used 21265K, committed 21504K, reserved 1114112K
  class space    used 2636K, committed 2752K, reserved 1048576K
}
Event: 3.310 GC heap after
{Heap after GC invocations=3 (full 0):
 garbage-first heap   total reserved 1898496K, committed 118784K, used 10240K [0x000000008c200000, 0x0000000100000000)
  region size 1024K, 4 young (4096K), 4 survivors (4096K)
 Metaspace       used 21265K, committed 21504K, reserved 1114112K
  class space    used 2636K, committed 2752K, reserved 1048576K
}
Event: 3.937 GC heap before
{Heap before GC invocations=4 (full 0):
 garbage-first heap   total reserved 1898496K, committed 34816K, used 26624K [0x000000008c200000, 0x0000000100000000)
  region size 1024K, 20 young (20480K), 4 survivors (4096K)
 Metaspace       used 25196K, committed 25536K, reserved 1114112K
  class space    used 3215K, committed 3392K, reserved 1048576K
}
Event: 3.947 GC heap after
{Heap after GC invocations=5 (full 0):
 garbage-first heap   total reserved 1898496K, committed 34816K, used 12664K [0x000000008c200000, 0x0000000100000000)
  region size 1024K, 3 young (3072K), 3 survivors (3072K)
 Metaspace       used 25196K, committed 25536K, reserved 1114112K
  class space    used 3215K, committed 3392K, reserved 1048576K
}
Event: 4.386 GC heap before
{Heap before GC invocations=5 (full 0):
 garbage-first heap   total reserved 1898496K, committed 34816K, used 25976K [0x000000008c200000, 0x0000000100000000)
  region size 1024K, 16 young (16384K), 3 survivors (3072K)
 Metaspace       used 27942K, committed 28288K, reserved 1114112K
  class space    used 3536K, committed 3712K, reserved 1048576K
}
Event: 4.390 GC heap after
{Heap after GC invocations=6 (full 0):
 garbage-first heap   total reserved 1898496K, committed 34816K, used 14234K [0x000000008c200000, 0x0000000100000000)
  region size 1024K, 2 young (2048K), 2 survivors (2048K)
 Metaspace       used 27942K, committed 28288K, reserved 1114112K
  class space    used 3536K, committed 3712K, reserved 1048576K
}
Event: 5.380 GC heap before
{Heap before GC invocations=6 (full 0):
 garbage-first heap   total reserved 1898496K, committed 34816K, used 27546K [0x000000008c200000, 0x0000000100000000)
  region size 1024K, 15 young (15360K), 2 survivors (2048K)
 Metaspace       used 32316K, committed 32704K, reserved 1114112K
  class space    used 4172K, committed 4352K, reserved 1048576K
}
Event: 5.385 GC heap after
{Heap after GC invocations=7 (full 0):
 garbage-first heap   total reserved 1898496K, committed 34816K, used 15802K [0x000000008c200000, 0x0000000100000000)
  region size 1024K, 2 young (2048K), 2 survivors (2048K)
 Metaspace       used 32316K, committed 32704K, reserved 1114112K
  class space    used 4172K, committed 4352K, reserved 1048576K
}
Event: 5.613 GC heap before
{Heap before GC invocations=7 (full 0):
 garbage-first heap   total reserved 1898496K, committed 34816K, used 27066K [0x000000008c200000, 0x0000000100000000)
  region size 1024K, 14 young (14336K), 2 survivors (2048K)
 Metaspace       used 34591K, committed 34944K, reserved 1114112K
  class space    used 4466K, committed 4608K, reserved 1048576K
}
Event: 5.616 GC heap after
{Heap after GC invocations=8 (full 0):
 garbage-first heap   total reserved 1898496K, committed 34816K, used 17446K [0x000000008c200000, 0x0000000100000000)
  region size 1024K, 2 young (2048K), 2 survivors (2048K)
 Metaspace       used 34591K, committed 34944K, reserved 1114112K
  class space    used 4466K, committed 4608K, reserved 1048576K
}
Event: 5.679 GC heap before
{Heap before GC invocations=8 (full 0):
 garbage-first heap   total reserved 1898496K, committed 34816K, used 19494K [0x000000008c200000, 0x0000000100000000)
  region size 1024K, 5 young (5120K), 2 survivors (2048K)
 Metaspace       used 35582K, committed 35968K, reserved 1114112K
  class space    used 4572K, committed 4736K, reserved 1048576K
}
Event: 5.681 GC heap after
{Heap after GC invocations=9 (full 0):
 garbage-first heap   total reserved 1898496K, committed 34816K, used 17604K [0x000000008c200000, 0x0000000100000000)
  region size 1024K, 1 young (1024K), 1 survivors (1024K)
 Metaspace       used 35582K, committed 35968K, reserved 1114112K
  class space    used 4572K, committed 4736K, reserved 1048576K
}
Event: 7.126 GC heap before
{Heap before GC invocations=10 (full 0):
 garbage-first heap   total reserved 1898496K, committed 34816K, used 28868K [0x000000008c200000, 0x0000000100000000)
  region size 1024K, 13 young (13312K), 1 survivors (1024K)
 Metaspace       used 39292K, committed 39680K, reserved 1114112K
  class space    used 5068K, committed 5248K, reserved 1048576K
}
Event: 7.128 GC heap after
{Heap after GC invocations=11 (full 0):
 garbage-first heap   total reserved 1898496K, committed 34816K, used 18837K [0x000000008c200000, 0x0000000100000000)
  region size 1024K, 2 young (2048K), 2 survivors (2048K)
 Metaspace       used 39292K, committed 39680K, reserved 1114112K
  class space    used 5068K, committed 5248K, reserved 1048576K
}
Event: 7.626 GC heap before
{Heap before GC invocations=11 (full 0):
 garbage-first heap   total reserved 1898496K, committed 34816K, used 29077K [0x000000008c200000, 0x0000000100000000)
  region size 1024K, 12 young (12288K), 2 survivors (2048K)
 Metaspace       used 40959K, committed 41408K, reserved 1114112K
  class space    used 5315K, committed 5504K, reserved 1048576K
}
Event: 7.629 GC heap after
{Heap after GC invocations=12 (full 0):
 garbage-first heap   total reserved 1898496K, committed 34816K, used 19988K [0x000000008c200000, 0x0000000100000000)
  region size 1024K, 2 young (2048K), 2 survivors (2048K)
 Metaspace       used 40959K, committed 41408K, reserved 1114112K
  class space    used 5315K, committed 5504K, reserved 1048576K
}
Event: 7.861 GC heap before
{Heap before GC invocations=12 (full 0):
 garbage-first heap   total reserved 1898496K, committed 34816K, used 28180K [0x000000008c200000, 0x0000000100000000)
  region size 1024K, 10 young (10240K), 2 survivors (2048K)
 Metaspace       used 42025K, committed 42560K, reserved 1114112K
  class space    used 5469K, committed 5696K, reserved 1048576K
}
Event: 7.864 GC heap after
{Heap after GC invocations=13 (full 0):
 garbage-first heap   total reserved 1898496K, committed 34816K, used 21020K [0x000000008c200000, 0x0000000100000000)
  region size 1024K, 2 young (2048K), 2 survivors (2048K)
 Metaspace       used 42025K, committed 42560K, reserved 1114112K
  class space    used 5469K, committed 5696K, reserved 1048576K
}

Dll operation events (13 events):
Event: 0.026 Loaded shared library C:\Program Files\Java\jdk-23\bin\java.dll
Event: 0.084 Loaded shared library C:\Program Files\Java\jdk-23\bin\jsvml.dll
Event: 0.201 Loaded shared library C:\Program Files\Java\jdk-23\bin\zip.dll
Event: 0.210 Loaded shared library C:\Program Files\Java\jdk-23\bin\instrument.dll
Event: 0.219 Loaded shared library C:\Program Files\Java\jdk-23\bin\net.dll
Event: 0.223 Loaded shared library C:\Program Files\Java\jdk-23\bin\nio.dll
Event: 0.233 Loaded shared library C:\Program Files\Java\jdk-23\bin\zip.dll
Event: 0.408 Loaded shared library C:\Program Files\Java\jdk-23\bin\extnet.dll
Event: 0.476 Loaded shared library C:\Program Files\Java\jdk-23\bin\verify.dll
Event: 0.495 Loaded shared library C:\Program Files\Java\jdk-23\bin\jimage.dll
Event: 1.533 Loaded shared library C:\Program Files\Java\jdk-23\bin\management.dll
Event: 1.536 Loaded shared library C:\Program Files\Java\jdk-23\bin\management_ext.dll
Event: 4.171 Loaded shared library C:\Program Files\Java\jdk-23\bin\sunmscapi.dll

Deoptimization events (20 events):
Event: 7.757 Thread 0x000001bf7fd92dd0 DEOPT PACKING pc=0x000001bf102d8d38 sp=0x0000002cdcdfb2e0
Event: 7.757 Thread 0x000001bf7fd92dd0 DEOPT UNPACKING pc=0x000001bf0fbf4402 sp=0x0000002cdcdfb248 mode 2
Event: 7.804 Thread 0x000001bf7fd92dd0 DEOPT PACKING pc=0x000001bf086b86c1 sp=0x0000002cdcdfd3b0
Event: 7.804 Thread 0x000001bf7fd92dd0 DEOPT UNPACKING pc=0x000001bf0fbf4b22 sp=0x0000002cdcdfc820 mode 0
Event: 7.898 Thread 0x000001bf7fd92dd0 Uncommon trap: trap_request=0xffffff45 fr.pc=0x000001bf1020e348 relative=0x00000000000010c8
Event: 7.898 Thread 0x000001bf7fd92dd0 Uncommon trap: reason=unstable_if action=reinterpret pc=0x000001bf1020e348 method=java.util.concurrent.ConcurrentHashMap.transfer([Ljava/util/concurrent/ConcurrentHashMap$Node;[Ljava/util/concurrent/ConcurrentHashMap$Node;)V @ 352 c2
Event: 7.898 Thread 0x000001bf7fd92dd0 DEOPT PACKING pc=0x000001bf1020e348 sp=0x0000002cdcdfdfa0
Event: 7.898 Thread 0x000001bf7fd92dd0 DEOPT UNPACKING pc=0x000001bf0fbf4402 sp=0x0000002cdcdfdf08 mode 2
Event: 7.912 Thread 0x000001bf7fd92dd0 DEOPT PACKING pc=0x000001bf086b86c1 sp=0x0000002cdcdf6160
Event: 7.912 Thread 0x000001bf7fd92dd0 DEOPT UNPACKING pc=0x000001bf0fbf4b22 sp=0x0000002cdcdf55d0 mode 0
Event: 8.072 Thread 0x000001bf7fd92dd0 Uncommon trap: trap_request=0xffffff45 fr.pc=0x000001bf10262d84 relative=0x00000000000002e4
Event: 8.072 Thread 0x000001bf7fd92dd0 Uncommon trap: reason=unstable_if action=reinterpret pc=0x000001bf10262d84 method=org.springframework.beans.factory.support.DefaultSingletonBeanRegistry.getSingleton(Ljava/lang/String;Z)Ljava/lang/Object; @ 39 c2
Event: 8.072 Thread 0x000001bf7fd92dd0 DEOPT PACKING pc=0x000001bf10262d84 sp=0x0000002cdcdfe110
Event: 8.072 Thread 0x000001bf7fd92dd0 DEOPT UNPACKING pc=0x000001bf0fbf4402 sp=0x0000002cdcdfe098 mode 2
Event: 8.124 Thread 0x000001bf7fd92dd0 Uncommon trap: trap_request=0xffffff45 fr.pc=0x000001bf102ad610 relative=0x0000000000000650
Event: 8.124 Thread 0x000001bf7fd92dd0 Uncommon trap: reason=unstable_if action=reinterpret pc=0x000001bf102ad610 method=org.springframework.core.annotation.AnnotationsScanner.processClassHierarchy(Ljava/lang/Object;[ILjava/lang/Class;Lorg/springframework/core/annotation/AnnotationsProcessor;Z
Event: 8.124 Thread 0x000001bf7fd92dd0 DEOPT PACKING pc=0x000001bf102ad610 sp=0x0000002cdcdfdb30
Event: 8.124 Thread 0x000001bf7fd92dd0 DEOPT UNPACKING pc=0x000001bf0fbf4402 sp=0x0000002cdcdfdb38 mode 2
Event: 8.144 Thread 0x000001bf7fd92dd0 DEOPT PACKING pc=0x000001bf086b86c1 sp=0x0000002cdcdfc1e0
Event: 8.144 Thread 0x000001bf7fd92dd0 DEOPT UNPACKING pc=0x000001bf0fbf4b22 sp=0x0000002cdcdfb650 mode 0

Classes loaded (20 events):
Event: 7.578 Loading class java/lang/ObjectCustomizer
Event: 7.578 Loading class java/lang/ObjectCustomizer done
Event: 7.657 Loading class java/util/concurrent/Flow$Publisher
Event: 7.657 Loading class java/util/concurrent/Flow$Publisher done
Event: 7.698 Loading class java/util/EnumMap$EntrySet
Event: 7.698 Loading class java/util/EnumMap$EntrySet done
Event: 7.699 Loading class java/util/EnumMap$EntryIterator
Event: 7.699 Loading class java/util/EnumMap$EnumMapIterator
Event: 7.699 Loading class java/util/EnumMap$EnumMapIterator done
Event: 7.699 Loading class java/util/EnumMap$EntryIterator done
Event: 7.741 Loading class java/lang/reflect/MalformedParametersException
Event: 7.741 Loading class java/lang/reflect/MalformedParametersException done
Event: 7.938 Loading class java/util/regex/PatternSyntaxException
Event: 7.939 Loading class java/util/regex/PatternSyntaxException done
Event: 7.948 Loading class java/util/Comparators$NullComparator
Event: 7.948 Loading class java/util/Comparators$NullComparator done
Event: 8.112 Loading class java/lang/ObjectCustomizer
Event: 8.112 Loading class java/lang/ObjectCustomizer done
Event: 8.112 Loading class java/lang/ObjectCustomizer
Event: 8.112 Loading class java/lang/ObjectCustomizer done

Classes unloaded (0 events):
No events

Classes redefined (0 events):
No events

Internal exceptions (20 events):
Event: 7.309 Thread 0x000001bf7fd92dd0 Exception <a 'java/lang/IncompatibleClassChangeError'{0x0000000090a9e0f0}: Found class java.lang.Object, but interface was expected> (0x0000000090a9e0f0) 
thrown [s\open\src\hotspot\share\interpreter\linkResolver.cpp, line 863]
Event: 7.381 Thread 0x000001bf7fd92dd0 Exception <a 'java/lang/NoSuchMethodError'{0x00000000909e5dd0}: 'int java.lang.invoke.DirectMethodHandle$Holder.invokeVirtual(java.lang.Object, java.lang.Object, java.lang.Object)'> (0x00000000909e5dd0) 
thrown [s\open\src\hotspot\share\interpreter\linkResolver.cpp, line 796]
Event: 7.446 Thread 0x000001bf7fd92dd0 Exception <a 'java/lang/NoSuchMethodError'{0x000000008de12ea0}: 'java.lang.Object java.lang.invoke.DirectMethodHandle$Holder.invokeStatic(java.lang.Object, java.lang.Object, int, java.lang.Object)'> (0x000000008de12ea0) 
thrown [s\open\src\hotspot\share\interpreter\linkResolver.cpp, line 796]
Event: 7.448 Thread 0x000001bf7fd92dd0 Exception <a 'java/lang/NoSuchMethodError'{0x000000008de19808}: 'java.lang.Object java.lang.invoke.DirectMethodHandle$Holder.newInvokeSpecial(java.lang.Object, java.lang.Object, int)'> (0x000000008de19808) 
thrown [s\open\src\hotspot\share\interpreter\linkResolver.cpp, line 796]
Event: 7.578 Thread 0x000001bf7fd92dd0 Exception <a 'java/lang/ClassNotFoundException'{0x000000008dbbb150}: java/lang/ObjectCustomizer> (0x000000008dbbb150) 
thrown [s\open\src\hotspot\share\classfile\systemDictionary.cpp, line 313]
Event: 7.579 Thread 0x000001bf7fd92dd0 Exception <a 'java/lang/ClassNotFoundException'{0x000000008dbc0cd8}: org/springframework/web/servlet/config/annotation/WebMvcConfigurationSupportCustomizer> (0x000000008dbc0cd8) 
thrown [s\open\src\hotspot\share\classfile\systemDictionary.cpp, line 313]
Event: 7.582 Thread 0x000001bf7fd92dd0 Exception <a 'java/lang/ClassNotFoundException'{0x000000008dbd2a38}: org/springframework/web/servlet/config/annotation/DelegatingWebMvcConfigurationCustomizer> (0x000000008dbd2a38) 
thrown [s\open\src\hotspot\share\classfile\systemDictionary.cpp, line 313]
Event: 7.584 Thread 0x000001bf7fd92dd0 Exception <a 'java/lang/ClassNotFoundException'{0x000000008dbda070}: org/springframework/boot/autoconfigure/web/servlet/WebMvcAutoConfiguration$EnableWebMvcConfigurationCustomizer> (0x000000008dbda070) 
thrown [s\open\src\hotspot\share\classfile\systemDictionary.cpp, line 313]
Event: 7.586 Thread 0x000001bf7fd92dd0 Exception <a 'java/lang/ClassNotFoundException'{0x000000008dbec040}: org/springframework/context/ResourceLoaderAwareCustomizer> (0x000000008dbec040) 
thrown [s\open\src\hotspot\share\classfile\systemDictionary.cpp, line 313]
Event: 7.587 Thread 0x000001bf7fd92dd0 Exception <a 'java/lang/ClassNotFoundException'{0x000000008dbef738}: org/springframework/beans/factory/AwareCustomizer> (0x000000008dbef738) 
thrown [s\open\src\hotspot\share\classfile\systemDictionary.cpp, line 313]
Event: 7.587 Thread 0x000001bf7fd92dd0 Exception <a 'java/lang/ClassNotFoundException'{0x000000008dbf1e08}: org/springframework/context/ApplicationContextAwareCustomizer> (0x000000008dbf1e08) 
thrown [s\open\src\hotspot\share\classfile\systemDictionary.cpp, line 313]
Event: 7.588 Thread 0x000001bf7fd92dd0 Exception <a 'java/lang/ClassNotFoundException'{0x000000008dbf5c00}: org/springframework/beans/factory/AwareCustomizer> (0x000000008dbf5c00) 
thrown [s\open\src\hotspot\share\classfile\systemDictionary.cpp, line 313]
Event: 7.588 Thread 0x000001bf7fd92dd0 Exception <a 'java/lang/ClassNotFoundException'{0x000000008dbf82a8}: org/springframework/web/context/ServletContextAwareCustomizer> (0x000000008dbf82a8) 
thrown [s\open\src\hotspot\share\classfile\systemDictionary.cpp, line 313]
Event: 7.589 Thread 0x000001bf7fd92dd0 Exception <a 'java/lang/ClassNotFoundException'{0x000000008dbfb9b8}: org/springframework/beans/factory/AwareCustomizer> (0x000000008dbfb9b8) 
thrown [s\open\src\hotspot\share\classfile\systemDictionary.cpp, line 313]
Event: 7.591 Thread 0x000001bf7fd92dd0 Exception <a 'java/lang/NoSuchMethodError'{0x000000008da111b0}: 'java.lang.Object java.lang.invoke.DirectMethodHandle$Holder.newInvokeSpecial(java.lang.Object, java.lang.Object, java.lang.Object, java.lang.Object, java.lang.Object, java.lang.Object, java.lang.Object, java.lang.Object)'> (0x000000008da111b0) 
thrown [s\open\src\hotspot\share\interpreter\linkResolver.cpp, line 796]
Event: 7.796 Thread 0x000001bf7fd92dd0 Exception <a 'java/lang/NoSuchMethodError'{0x000000008def4410}: 'void java.lang.invoke.DirectMethodHandle$Holder.invokeVirtual(java.lang.Object, java.lang.Object, long)'> (0x000000008def4410) 
thrown [s\open\src\hotspot\share\interpreter\linkResolver.cpp, line 796]
Event: 7.998 Thread 0x000001bf7fd92dd0 Exception <a 'java/lang/IncompatibleClassChangeError'{0x000000009091e710}: Found class java.lang.Object, but interface was expected> (0x000000009091e710) 
thrown [s\open\src\hotspot\share\interpreter\linkResolver.cpp, line 863]
Event: 8.065 Thread 0x000001bf7fd92dd0 Exception <a 'java/lang/NoSuchMethodError'{0x0000000090871970}: 'int java.lang.invoke.DirectMethodHandle$Holder.invokeStaticInit(java.lang.Object, java.lang.Object, java.lang.Object, java.lang.Object)'> (0x0000000090871970) 
thrown [s\open\src\hotspot\share\interpreter\linkResolver.cpp, line 796]
Event: 8.112 Thread 0x000001bf7fd92dd0 Exception <a 'java/lang/ClassNotFoundException'{0x000000008e16a4a8}: java/lang/ObjectCustomizer> (0x000000008e16a4a8) 
thrown [s\open\src\hotspot\share\classfile\systemDictionary.cpp, line 313]
Event: 8.113 Thread 0x000001bf7fd92dd0 Exception <a 'java/lang/ClassNotFoundException'{0x000000008e170410}: org/springframework/security/config/annotation/authentication/configuration/AuthenticationConfigurationCustomizer> (0x000000008e170410) 
thrown [s\open\src\hotspot\share\classfile\systemDictionary.cpp, line 313]

VM Operations (20 events):
Event: 7.126 Executing VM operation: G1CollectForAllocation (G1 Evacuation Pause)
Event: 7.128 Executing VM operation: G1CollectForAllocation (G1 Evacuation Pause) done
Event: 7.455 Executing VM operation: HandshakeAllThreads (Deoptimize)
Event: 7.455 Executing VM operation: HandshakeAllThreads (Deoptimize) done
Event: 7.626 Executing VM operation: G1CollectForAllocation (G1 Evacuation Pause)
Event: 7.629 Executing VM operation: G1CollectForAllocation (G1 Evacuation Pause) done
Event: 7.683 Executing VM operation: HandshakeAllThreads (Deoptimize)
Event: 7.683 Executing VM operation: HandshakeAllThreads (Deoptimize) done
Event: 7.822 Executing VM operation: HandshakeAllThreads (Deoptimize)
Event: 7.822 Executing VM operation: HandshakeAllThreads (Deoptimize) done
Event: 7.861 Executing VM operation: G1CollectForAllocation (G1 Evacuation Pause)
Event: 7.864 Executing VM operation: G1CollectForAllocation (G1 Evacuation Pause) done
Event: 7.882 Executing VM operation: G1PauseRemark
Event: 7.885 Executing VM operation: G1PauseRemark done
Event: 7.892 Executing VM operation: G1PauseCleanup
Event: 7.892 Executing VM operation: G1PauseCleanup done
Event: 7.967 Executing VM operation: HandshakeAllThreads (Deoptimize)
Event: 7.967 Executing VM operation: HandshakeAllThreads (Deoptimize) done
Event: 8.013 Executing VM operation: HandshakeAllThreads (Deoptimize)
Event: 8.013 Executing VM operation: HandshakeAllThreads (Deoptimize) done

Memory protections (0 events):
No events

Nmethod flushes (20 events):
Event: 7.885 Thread 0x000001bf1cfb4b40 flushing  nmethod 0x000001bf08c15908
Event: 7.885 Thread 0x000001bf1cfb4b40 flushing  nmethod 0x000001bf08c40988
Event: 7.885 Thread 0x000001bf1cfb4b40 flushing  nmethod 0x000001bf08c98588
Event: 7.885 Thread 0x000001bf1cfb4b40 flushing  nmethod 0x000001bf088da688
Event: 7.885 Thread 0x000001bf1cfb4b40 flushing  nmethod 0x000001bf0891a808
Event: 7.885 Thread 0x000001bf1cfb4b40 flushing  nmethod 0x000001bf0891bd88
Event: 7.885 Thread 0x000001bf1cfb4b40 flushing  nmethod 0x000001bf08aebe08
Event: 7.885 Thread 0x000001bf1cfb4b40 flushing  nmethod 0x000001bf08aec108
Event: 7.885 Thread 0x000001bf1cfb4b40 flushing  nmethod 0x000001bf08af0388
Event: 7.885 Thread 0x000001bf1cfb4b40 flushing  nmethod 0x000001bf08af5688
Event: 7.885 Thread 0x000001bf1cfb4b40 flushing  nmethod 0x000001bf08b1d788
Event: 7.885 Thread 0x000001bf1cfb4b40 flushing  nmethod 0x000001bf08b4ac08
Event: 7.885 Thread 0x000001bf1cfb4b40 flushing  nmethod 0x000001bf08b4e308
Event: 7.885 Thread 0x000001bf1cfb4b40 flushing  nmethod 0x000001bf08b59488
Event: 7.885 Thread 0x000001bf1cfb4b40 flushing  nmethod 0x000001bf08b90688
Event: 7.885 Thread 0x000001bf1cfb4b40 flushing  nmethod 0x000001bf08beae88
Event: 7.885 Thread 0x000001bf1cfb4b40 flushing  nmethod 0x000001bf08c7ec08
Event: 7.885 Thread 0x000001bf1cfb4b40 flushing  nmethod 0x000001bf08cb0708
Event: 7.885 Thread 0x000001bf1cfb4b40 flushing  nmethod 0x000001bf08ce9d88
Event: 7.885 Thread 0x000001bf1cfb4b40 flushing  nmethod 0x000001bf08cead08

Events (20 events):
Event: 1.643 Thread 0x000001bf7fd92dd0 Thread added: 0x000001bf631884a0
Event: 2.085 Thread 0x000001bf631884a0 Thread exited: 0x000001bf631884a0
Event: 2.199 Thread 0x000001bf7fd92dd0 Thread added: 0x000001bf635e1db0
Event: 2.235 Thread 0x000001bf635e1db0 Thread exited: 0x000001bf635e1db0
Event: 4.312 Thread 0x000001bf7fd92dd0 Thread added: 0x000001bf64e16d60
Event: 4.313 Thread 0x000001bf64e16d60 Thread added: 0x000001bf64e173d0
Event: 4.321 Thread 0x000001bf7fd92dd0 Thread added: 0x000001bf639d6ae0
Event: 4.528 Thread 0x000001bf7fd92dd0 Thread added: 0x000001bf63806b30
Event: 4.843 Thread 0x000001bf1d1f02d0 Thread exited: 0x000001bf1d1f02d0
Event: 4.879 Thread 0x000001bf7fd92dd0 Thread added: 0x000001bf63807850
Event: 4.999 Thread 0x000001bf7fd92dd0 Thread added: 0x000001bf63808570
Event: 5.340 Thread 0x000001bf63808570 Thread added: 0x000001bf638071c0
Event: 5.340 Thread 0x000001bf63808570 Thread added: 0x000001bf63808c00
Event: 5.347 Thread 0x000001bf63808570 Thread added: 0x000001bf63809290
Event: 5.347 Thread 0x000001bf63808570 Thread added: 0x000001bf638064a0
Event: 5.350 Thread 0x000001bf63808570 Thread added: 0x000001bf63805e10
Event: 5.350 Thread 0x000001bf63808570 Thread added: 0x000001bf6443a810
Event: 6.506 Thread 0x000001bf63805e10 Thread added: 0x000001bf6443e9b0
Event: 6.509 Thread 0x000001bf638071c0 Thread added: 0x000001bf64439af0
Event: 6.510 Thread 0x000001bf63809290 Thread added: 0x000001bf6443f040


Dynamic libraries:
0x00007ff794f70000 - 0x00007ff794f80000 	C:\Program Files\Java\jdk-23\bin\java.exe
0x00007ff8fec90000 - 0x00007ff8feea7000 	C:\Windows\SYSTEM32\ntdll.dll
0x00007ff8fd2a0000 - 0x00007ff8fd364000 	C:\Windows\System32\KERNEL32.DLL
0x00007ff8fc180000 - 0x00007ff8fc52d000 	C:\Windows\System32\KERNELBASE.dll
0x00007ff8f56e0000 - 0x00007ff8f5777000 	C:\Windows\SYSTEM32\apphelp.dll
0x00007ff8fc670000 - 0x00007ff8fc781000 	C:\Windows\System32\ucrtbase.dll
0x00007ff8d5780000 - 0x00007ff8d5797000 	C:\Program Files\Java\jdk-23\bin\jli.dll
0x00007ff8d0df0000 - 0x00007ff8d0e0b000 	C:\Program Files\Java\jdk-23\bin\VCRUNTIME140.dll
0x00007ff8fdb30000 - 0x00007ff8fdcde000 	C:\Windows\System32\USER32.dll
0x00007ff8ebc20000 - 0x00007ff8ebeb3000 	C:\Windows\WinSxS\amd64_microsoft.windows.common-controls_6595b64144ccf1df_6.0.22621.3672_none_2713b9d173822955\COMCTL32.dll
0x00007ff8fd380000 - 0x00007ff8fd427000 	C:\Windows\System32\msvcrt.dll
0x00007ff8fc150000 - 0x00007ff8fc176000 	C:\Windows\System32\win32u.dll
0x00007ff8fc9c0000 - 0x00007ff8fc9e9000 	C:\Windows\System32\GDI32.dll
0x00007ff8fc8a0000 - 0x00007ff8fc9b9000 	C:\Windows\System32\gdi32full.dll
0x00007ff8fc800000 - 0x00007ff8fc89a000 	C:\Windows\System32\msvcp_win.dll
0x00007ff8fdce0000 - 0x00007ff8fdd11000 	C:\Windows\System32\IMM32.DLL
0x00007ff8ebaa0000 - 0x00007ff8ebaac000 	C:\Program Files\Java\jdk-23\bin\vcruntime140_1.dll
0x00007ff8ba8c0000 - 0x00007ff8ba94e000 	C:\Program Files\Java\jdk-23\bin\msvcp140.dll
0x00007ff8b9b70000 - 0x00007ff8ba8bf000 	C:\Program Files\Java\jdk-23\bin\server\jvm.dll
0x00007ff8fd430000 - 0x00007ff8fd4e2000 	C:\Windows\System32\ADVAPI32.dll
0x00007ff8fd4f0000 - 0x00007ff8fd599000 	C:\Windows\System32\sechost.dll
0x00007ff8fc120000 - 0x00007ff8fc148000 	C:\Windows\System32\bcrypt.dll
0x00007ff8fea50000 - 0x00007ff8feb64000 	C:\Windows\System32\RPCRT4.dll
0x00007ff8febd0000 - 0x00007ff8fec41000 	C:\Windows\System32\WS2_32.dll
0x00007ff8fb820000 - 0x00007ff8fb86d000 	C:\Windows\SYSTEM32\POWRPROF.dll
0x00007ff8f7b00000 - 0x00007ff8f7b34000 	C:\Windows\SYSTEM32\WINMM.dll
0x00007ff8f4490000 - 0x00007ff8f449a000 	C:\Windows\SYSTEM32\VERSION.dll
0x00007ff8fb800000 - 0x00007ff8fb813000 	C:\Windows\SYSTEM32\UMPDC.dll
0x00007ff8fafe0000 - 0x00007ff8faff8000 	C:\Windows\SYSTEM32\kernel.appcore.dll
0x00007ff8dd640000 - 0x00007ff8dd64a000 	C:\Program Files\Java\jdk-23\bin\jimage.dll
0x00007ff8f5b00000 - 0x00007ff8f5d32000 	C:\Windows\SYSTEM32\DBGHELP.DLL
0x00007ff8fd7a0000 - 0x00007ff8fdb2d000 	C:\Windows\System32\combase.dll
0x00007ff8fd0d0000 - 0x00007ff8fd1a7000 	C:\Windows\System32\OLEAUT32.dll
0x00007ff8e04e0000 - 0x00007ff8e0512000 	C:\Windows\SYSTEM32\dbgcore.DLL
0x00007ff8fc5f0000 - 0x00007ff8fc66b000 	C:\Windows\System32\bcryptPrimitives.dll
0x00007ff8f8950000 - 0x00007ff8f895f000 	C:\Program Files\Java\jdk-23\bin\instrument.dll
0x00007ff8d0dd0000 - 0x00007ff8d0dee000 	C:\Program Files\Java\jdk-23\bin\java.dll
0x00007ff8fca50000 - 0x00007ff8fcbf5000 	C:\Windows\System32\ole32.dll
0x00007ff8fe1e0000 - 0x00007ff8fea48000 	C:\Windows\System32\SHELL32.dll
0x00007ff8f9eb0000 - 0x00007ff8fa7ae000 	C:\Windows\SYSTEM32\windows.storage.dll
0x00007ff8f9d70000 - 0x00007ff8f9eaf000 	C:\Windows\SYSTEM32\wintypes.dll
0x00007ff8fd5f0000 - 0x00007ff8fd6e9000 	C:\Windows\System32\SHCORE.dll
0x00007ff8feb70000 - 0x00007ff8febce000 	C:\Windows\System32\shlwapi.dll
0x00007ff8fbee0000 - 0x00007ff8fbf01000 	C:\Windows\SYSTEM32\profapi.dll
0x00007ff8b9a90000 - 0x00007ff8b9b67000 	C:\Program Files\Java\jdk-23\bin\jsvml.dll
0x00007ff8f7cb0000 - 0x00007ff8f7cc7000 	C:\Program Files\Java\jdk-23\bin\zip.dll
0x00007ff8f7d60000 - 0x00007ff8f7d70000 	C:\Program Files\Java\jdk-23\bin\net.dll
0x00007ff8fb4b0000 - 0x00007ff8fb519000 	C:\Windows\system32\mswsock.dll
0x00007ff8f7cd0000 - 0x00007ff8f7ce6000 	C:\Program Files\Java\jdk-23\bin\nio.dll
0x00007ff8f7c30000 - 0x00007ff8f7c39000 	C:\Program Files\Java\jdk-23\bin\extnet.dll
0x00007ff8eac10000 - 0x00007ff8eac20000 	C:\Program Files\Java\jdk-23\bin\verify.dll
0x00007ff8f7d00000 - 0x00007ff8f7d0a000 	C:\Program Files\Java\jdk-23\bin\management.dll
0x00007ff8f0980000 - 0x00007ff8f098b000 	C:\Program Files\Java\jdk-23\bin\management_ext.dll
0x00007ff8fde90000 - 0x00007ff8fde98000 	C:\Windows\System32\PSAPI.DLL
0x00007ff8dccf0000 - 0x00007ff8dcd07000 	C:\Windows\system32\napinsp.dll
0x00007ff8dcee0000 - 0x00007ff8dcefb000 	C:\Windows\system32\pnrpnsp.dll
0x00007ff8faa90000 - 0x00007ff8fab88000 	C:\Windows\SYSTEM32\DNSAPI.dll
0x00007ff8faa20000 - 0x00007ff8faa4d000 	C:\Windows\SYSTEM32\IPHLPAPI.DLL
0x00007ff8fdd20000 - 0x00007ff8fdd29000 	C:\Windows\System32\NSI.dll
0x00007ff8dcca0000 - 0x00007ff8dccb1000 	C:\Windows\System32\winrnr.dll
0x00007ff8dcc80000 - 0x00007ff8dcc95000 	C:\Windows\system32\wshbth.dll
0x00007ff8dcc50000 - 0x00007ff8dcc77000 	C:\Windows\system32\nlansp_c.dll
0x00007ff8f7740000 - 0x00007ff8f774a000 	C:\Windows\System32\rasadhlp.dll
0x00007ff8f7930000 - 0x00007ff8f79b3000 	C:\Windows\System32\fwpuclnt.dll
0x00007ff8fb710000 - 0x00007ff8fb72b000 	C:\Windows\SYSTEM32\CRYPTSP.dll
0x00007ff8faf20000 - 0x00007ff8faf55000 	C:\Windows\system32\rsaenh.dll
0x00007ff8fb5b0000 - 0x00007ff8fb5d8000 	C:\Windows\SYSTEM32\USERENV.dll
0x00007ff8fb730000 - 0x00007ff8fb73c000 	C:\Windows\SYSTEM32\CRYPTBASE.dll
0x00007ff8f7d50000 - 0x00007ff8f7d5e000 	C:\Program Files\Java\jdk-23\bin\sunmscapi.dll
0x00007ff8fbfb0000 - 0x00007ff8fc117000 	C:\Windows\System32\CRYPT32.dll
0x00007ff8fb960000 - 0x00007ff8fb98e000 	C:\Windows\SYSTEM32\ncrypt.dll
0x00007ff8fb920000 - 0x00007ff8fb957000 	C:\Windows\SYSTEM32\NTASN1.dll
0x00007ff8f89a0000 - 0x00007ff8f89b9000 	C:\Windows\SYSTEM32\dhcpcsvc6.DLL
0x00007ff8f8800000 - 0x00007ff8f881f000 	C:\Windows\SYSTEM32\dhcpcsvc.DLL
0x00007ff8eaba0000 - 0x00007ff8eaba8000 	C:\Windows\system32\wshunix.dll

dbghelp: loaded successfully - version: 4.0.5 - missing functions: none
symbol engine: initialized successfully - sym options: 0x614 - pdb path: .;C:\Program Files\Java\jdk-23\bin;C:\Windows\SYSTEM32;C:\Windows\WinSxS\amd64_microsoft.windows.common-controls_6595b64144ccf1df_6.0.22621.3672_none_2713b9d173822955;C:\Program Files\Java\jdk-23\bin\server

VM Arguments:
jvm_args: -javaagent:D:\User\Aadi\Program Files\IntelIJ\IntelliJ IDEA Community Edition 2024.3.5\lib\idea_rt.jar=52464 -Dfile.encoding=UTF-8 -Dsun.stdout.encoding=UTF-8 -Dsun.stderr.encoding=UTF-8 
java_command: net.engineeringdigest.journalApp.JournalApplication
java_class_path (initial): D:\User\Aadi\Chrome Downloads\journalApp\journalApp\target\classes;C:\Users\abhishek\.m2\repository\org\springframework\boot\spring-boot-starter-web\2.7.16\spring-boot-starter-web-2.7.16.jar;C:\Users\abhishek\.m2\repository\org\springframework\boot\spring-boot-starter\2.7.16\spring-boot-starter-2.7.16.jar;C:\Users\abhishek\.m2\repository\org\springframework\boot\spring-boot\2.7.16\spring-boot-2.7.16.jar;C:\Users\abhishek\.m2\repository\org\springframework\boot\spring-boot-autoconfigure\2.7.16\spring-boot-autoconfigure-2.7.16.jar;C:\Users\abhishek\.m2\repository\org\springframework\boot\spring-boot-starter-logging\2.7.16\spring-boot-starter-logging-2.7.16.jar;C:\Users\abhishek\.m2\repository\ch\qos\logback\logback-classic\1.2.12\logback-classic-1.2.12.jar;C:\Users\abhishek\.m2\repository\ch\qos\logback\logback-core\1.2.12\logback-core-1.2.12.jar;C:\Users\abhishek\.m2\repository\org\apache\logging\log4j\log4j-to-slf4j\2.17.2\log4j-to-slf4j-2.17.2.jar;C:\Users\abhishek\.m2\repository\org\apache\logging\log4j\log4j-api\2.17.2\log4j-api-2.17.2.jar;C:\Users\abhishek\.m2\repository\org\slf4j\jul-to-slf4j\1.7.36\jul-to-slf4j-1.7.36.jar;C:\Users\abhishek\.m2\repository\jakarta\annotation\jakarta.annotation-api\1.3.5\jakarta.annotation-api-1.3.5.jar;C:\Users\abhishek\.m2\repository\org\yaml\snakeyaml\1.30\snakeyaml-1.30.jar;C:\Users\abhishek\.m2\repository\org\springframework\boot\spring-boot-starter-json\2.7.16\spring-boot-starter-json-2.7.16.jar;C:\Users\abhishek\.m2\repository\com\fasterxml\jackson\core\jackson-databind\2.13.5\jackson-databind-2.13.5.jar;C:\Users\abhishek\.m2\repository\com\fasterxml\jackson\core\jackson-annotations\2.13.5\jackson-annotations-2.13.5.jar;C:\Users\abhishek\.m2\repository\com\fasterxml\jackson\core\jackson-core\2.13.5\jackson-core-2.13.5.jar;C:\Users\abhishek\.m2\repository\com\fasterxml\jackson\datatype\jackson-datatype-jdk8\2.13.5\jackson-datatype-jdk8-2.13.5.jar;C:\Users\abhishek\.m2\repository\com\fasterxml\jackson\datatype\jackson-datatype-jsr310\2.13.5\jackson-datatype-jsr310-2.13.5.jar;C:\Users\abhishek\.m2\repository\com\fasterxml\jackson\module\jackson-module-parameter-names\2.13.5\jackson-module-parameter-names-2.13.5.jar;C:\Users\abhishek\.m2\repository\org\springframework\boot\spring-boot-starter-tomcat\2.7.16\spring-boot-starter-tomcat-2.7.16.jar;C:\Users\abhishek\.m2\repository\org\apache\tomcat\embed\tomcat-embed-core\9.0.80\tomcat-embed-core-9.0.80.jar;C:\Users\abhishek\.m2\repository\org\apache\tomcat\embed\tomcat-embed-el\9.0.80\tomcat-embed-el-9.0.80.jar;C:\Users\abhishek\.m2\repository\org\apache\tomcat\embed\tomcat-embed-websocket\9.0.80\tomcat-embed-websocket-9.0.80.jar;C:\Users\abhishek\.m2\repository\org\springframework\spring-web\5.3.30\spring-web-5.3.30.jar;C:\Users\abhishek\.m2\repository\org\springframework\spring-beans\5.3.30\spring-beans-5.3.30.jar;C:\Users\abhishek\.m2\repository\org\springframework\spring-webmvc\5.3.30\spring-webmvc-5.3.30.jar;C:\Users\abhishek\.m2\repository\org\springframework\spring-context\5.3.30\spring-context-5.3.30.jar;C:\Users\abhishek\.m2\repository\org\springframework\spring-expression\5.3.30\spring-expression-5.3.30.jar;C:\Users\abhishek\.m2\repository\org\slf4j\slf4j-api\1.7.36\slf4j-api-1.7.36.jar;C:\Users\abhishek\.m2\repository\org\springframework\spring-core\5.3.30\spring-core-5.3.30.jar;C:\Users\abhishek\.m2\repository\org\springframework\spring-jcl\5.3.30\spring-jcl-5.3.30.jar;C:\Users\abhishek\.m2\repository\org\springframework\boot\spring-boot-starter-data-mongodb\2.7.16\spring-boot-starter-data-mongodb-2.7.16.jar;C:\Users\abhishek\.m2\repository\org\mongodb\mongodb-driver-sync\4.6.1\mongodb-driver-sync-4.6.1.jar;C:\Users\abhishek\.m2\repository\org\mongodb\bson\4.6.1\bson-4.6.1.jar;C:\Users\abhishek\.m2\repository\org\mongodb\mongodb-driver-core\4.6.1\mongodb-driver-core-4.6.1.jar;C:\Users\abhishek\.m2\repository\org\mongodb\bson-record-codec\4.6.1\bson-record-codec-4.6.1.jar;C:\Users\abhishek\.m2\repository\org\springframework\data\spring-data-mongodb\3.4.16\spring-data-mongodb-3.4.16.jar;C:\Users\abhishek\.m2\repository\org\springframework\spring-tx\5.3.30\spring-tx-5.3.30.jar;C:\Users\abhishek\.m2\repository\org\springframework\data\spring-data-commons\2.7.16\spring-data-commons-2.7.16.jar;C:\Users\abhishek\.m2\repository\org\springframework\boot\spring-boot-starter-security\2.7.16\spring-boot-starter-security-2.7.16.jar;C:\Users\abhishek\.m2\repository\org\springframework\spring-aop\5.3.30\spring-aop-5.3.30.jar;C:\Users\abhishek\.m2\repository\org\springframework\security\spring-security-config\5.7.11\spring-security-config-5.7.11.jar;C:\Users\abhishek\.m2\repository\org\springframework\security\spring-security-core\5.7.11\spring-security-core-5.7.11.jar;C:\Users\abhishek\.m2\repository\org\springframework\security\spring-security-crypto\5.7.11\spring-security-crypto-5.7.11.jar;C:\Users\abhishek\.m2\repository\org\springframework\security\spring-security-web\5.7.11\spring-security-web-5.7.11.jar
Launcher Type: SUN_STANDARD

[Global flags]
     intx CICompilerCount                          = 4                                         {product} {ergonomic}
     uint ConcGCThreads                            = 2                                         {product} {ergonomic}
     uint G1ConcRefinementThreads                  = 8                                         {product} {ergonomic}
   size_t G1HeapRegionSize                         = 1048576                                   {product} {ergonomic}
   size_t InitialHeapSize                          = 121634816                                 {product} {ergonomic}
   size_t MarkStackSize                            = 4194304                                   {product} {ergonomic}
   size_t MarkStackSizeMax                         = 536870912                                 {product} {ergonomic}
   size_t MaxHeapSize                              = 1944059904                                {product} {ergonomic}
   size_t MaxNewSize                               = 1166016512                                {product} {ergonomic}
   size_t MinHeapDeltaBytes                        = 1048576                                   {product} {ergonomic}
   size_t MinHeapSize                              = 8388608                                   {product} {ergonomic}
    uintx NonNMethodCodeHeapSize                   = 5832704                                {pd product} {ergonomic}
    uintx NonProfiledCodeHeapSize                  = 122945536                              {pd product} {ergonomic}
    uintx ProfiledCodeHeapSize                     = 122880000                              {pd product} {ergonomic}
    uintx ReservedCodeCacheSize                    = 251658240                              {pd product} {ergonomic}
     bool SegmentedCodeCache                       = true                                      {product} {ergonomic}
   size_t SoftMaxHeapSize                          = 1944059904                             {manageable} {ergonomic}
     bool UseCompressedOops                        = true                           {product lp64_product} {ergonomic}
     bool UseG1GC                                  = true                                      {product} {ergonomic}
     bool UseLargePagesIndividualAllocation        = false                                  {pd product} {ergonomic}

Logging:
Log output configuration:
 #0: stdout all=warning uptime,level,tags foldmultilines=false
 #1: stderr all=off uptime,level,tags foldmultilines=false

Environment Variables:
JAVA_HOME=C:\Program Files\Java\jdk-23
PATH=C:\Program Files\Common Files\Oracle\Java\javapath;C:\Windows\system32;C:\Windows;C:\Windows\System32\Wbem;C:\Windows\System32\WindowsPowerShell\v1.0\;C:\Windows\System32\OpenSSH\;C:\MinGW\bin;C:\Program Files\jdk-23.0.2\bin;C:\Program Files\Java\jdk-23\bin;C:\Program Files\Git\cmd;C:\Program Files\Maven\apache-maven-3.9.9\bin;C:\data\db;C:\Program Files\MongoDB\Server\8.0\bin;D:\MongoDb\mongosh-2.4.2-win32-x64\bin;C:\Users\abhishek\AppData\Local\Programs\Python\Python312\Scripts\;C:\Users\abhishek\AppData\Local\Programs\Python\Python312\;C:\Users\abhishek\AppData\Local\Microsoft\WindowsApps;C:\Users\abhishek\AppData\Local\GitHubDesktop\bin;C:\Users\abhishek\AppData\Local\Programs\Microsoft VS Code\bin;D:\IntelliJ IDEA 2024.3.5\bin;;D:\User\Aadi\Program Files\IntelIJ\IntelliJ IDEA Community Edition 2024.3.5\bin;
USERNAME=Aadi
OS=Windows_NT
PROCESSOR_IDENTIFIER=AMD64 Family 23 Model 160 Stepping 0, AuthenticAMD
TMP=C:\Users\abhishek\AppData\Local\Temp
TEMP=C:\Users\abhishek\AppData\Local\Temp




Periodic native trim disabled

---------------  S Y S T E M  ---------------

OS:
 Windows 11 , 64 bit Build 22621 (10.0.22621.3958)
OS uptime: 0 days 7:32 hours
Hyper-V role detected

CPU: total 8 (initial active 8) (8 cores per cpu, 2 threads per core) family 23 model 160 stepping 0 microcode 0x0, cx8, cmov, fxsr, ht, mmx, 3dnowpref, sse, sse2, sse3, ssse3, sse4a, sse4.1, sse4.2, popcnt, lzcnt, tsc, tscinvbit, avx, avx2, aes, clmul, bmi1, bmi2, adx, sha, fma, vzeroupper, clflush, clflushopt, hv, rdtscp, rdpid, f16c
Processor Information for the first 8 processors :
  Max Mhz: 2401, Current Mhz: 2401, Mhz Limit: 2401

Memory: 4k page, system-wide physical 7413M (121M free)
TotalPageFile size 10485M (AvailPageFile size 114M)
current process WorkingSet (physical memory assigned to process): 183M, peak: 183M
current process commit charge ("private bytes"): 218M, peak: 269M

vm_info: Java HotSpot(TM) 64-Bit Server VM (23.0.1+11-39) for windows-amd64 JRE (23.0.1+11-39), built on 2024-09-30T07:20:43Z with MS VC++ 17.6 (VS2022)

END.
